#
# There is insufficient memory for the Java Runtime Environment to continue.
# Native memory allocation (malloc) failed to allocate 1010576 bytes for Chunk::new
# Possible reasons:
#   The system is out of physical RAM or swap space
#   In 32 bit mode, the process size limit was hit
# Possible solutions:
#   Reduce memory load on the system
#   Increase physical memory or swap space
#   Check if swap backing store is full
#   Use 64 bit Java on a 64 bit OS
#   Decrease Java heap size (-Xmx/-Xms)
#   Decrease number of Java threads
#   Decrease Java thread stack sizes (-Xss)
#   Set larger code cache with -XX:ReservedCodeCacheSize=
# This output file may be truncated or incomplete.
#
#  Out of Memory Error (allocation.cpp:390), pid=34328, tid=0x0000000000008660
#
# JRE version: OpenJDK Runtime Environment (8.0_152-b01) (build 1.8.0_152-release-1248-b01)
# Java VM: OpenJDK 64-Bit Server VM (25.152-b01 mixed mode windows-amd64 compressed oops)
# Failed to write core dump. Minidumps are not enabled by default on client versions of Windows
#

---------------  T H R E A D  ---------------

Current thread (0x00000000179d1800):  JavaThread "C2 CompilerThread1" daemon [_thread_in_native, id=34400, stack(0x00000000194f0000,0x00000000195f0000)]

Stack: [0x00000000194f0000,0x00000000195f0000]
[error occurred during error reporting (printing stack bounds), id 0xc0000005]

Native frames: (J=compiled Java code, j=interpreted, Vv=VM code, C=native code)


Current CompileTask:
C2:  14478 5255       4       org.robolectric.res.StyleResolver::getAttrValue (210 bytes)


---------------  P R O C E S S  ---------------

Java Threads: ( => current thread )
  0x0000000018db4800 JavaThread "Service Thread" daemon [_thread_blocked, id=27020, stack(0x00000000196f0000,0x00000000197f0000)]
  0x00000000179d3000 JavaThread "C1 CompilerThread2" daemon [_thread_blocked, id=26804, stack(0x00000000195f0000,0x00000000196f0000)]
=>0x00000000179d1800 JavaThread "C2 CompilerThread1" daemon [_thread_in_native, id=34400, stack(0x00000000194f0000,0x00000000195f0000)]
  0x00000000179d5800 JavaThread "C2 CompilerThread0" daemon [_thread_in_native, id=35112, stack(0x00000000193f0000,0x00000000194f0000)]
  0x00000000179b6000 JavaThread "Monitor Ctrl-Break" daemon [_thread_in_native, id=16252, stack(0x00000000192f0000,0x00000000193f0000)]
  0x0000000018d33800 JavaThread "Attach Listener" daemon [_thread_blocked, id=29652, stack(0x00000000191f0000,0x00000000192f0000)]
  0x0000000017995800 JavaThread "Signal Dispatcher" daemon [_thread_blocked, id=17700, stack(0x00000000190f0000,0x00000000191f0000)]
  0x000000001796f000 JavaThread "Finalizer" daemon [_thread_blocked, id=29840, stack(0x0000000018bf0000,0x0000000018cf0000)]
  0x0000000017948000 JavaThread "Reference Handler" daemon [_thread_blocked, id=25764, stack(0x0000000018af0000,0x0000000018bf0000)]
  0x0000000002b63800 JavaThread "main" [_thread_in_vm, id=29900, stack(0x0000000002a60000,0x0000000002b60000)]

Other Threads:
  0x0000000017945800 VMThread [stack: 0x00000000189f0000,0x0000000018af0000] [id=2760]
  0x0000000018db8000 WatcherThread [stack: 0x00000000197f0000,0x00000000198f0000] [id=1548]

VM state:not at safepoint (normal execution)

VM Mutex/Monitor currently owned by a thread: None

Heap:
 PSYoungGen      total 427008K, used 352014K [0x00000000d5d00000, 0x00000000f2c00000, 0x0000000100000000)
  eden space 388608K, 90% used [0x00000000d5d00000,0x00000000eb4c3888,0x00000000ed880000)
  from space 38400K, 0% used [0x00000000ed880000,0x00000000ed880000,0x00000000efe00000)
  to   space 36864K, 0% used [0x00000000f0800000,0x00000000f0800000,0x00000000f2c00000)
 ParOldGen       total 140288K, used 76244K [0x0000000081600000, 0x0000000089f00000, 0x00000000d5d00000)
  object space 140288K, 54% used [0x0000000081600000,0x0000000086075080,0x0000000089f00000)
 Metaspace       used 43801K, capacity 47663K, committed 47912K, reserved 1091584K
  class space    used 4811K, capacity 6123K, committed 6184K, reserved 1048576K

Card table byte_map: [0x00000000121e0000,0x00000000125e0000] byte_map_base: 0x0000000011dd5000

Marking Bits: (ParMarkBitMap*) 0x000000005a245aa0
 Begin Bits: [0x0000000012c90000, 0x0000000014c38000)
 End Bits:   [0x0000000014c38000, 0x0000000016be0000)

Polling page: 0x0000000000e50000

CodeCache: size=245760Kb used=14168Kb max_used=14168Kb free=231591Kb
 bounds [0x0000000002e20000, 0x0000000003c10000, 0x0000000011e20000]
 total_blobs=5360 nmethods=4481 adapters=792
 compilation: enabled

Compilation events (10 events):
Event: 14.413 Thread 0x00000000179d3000 5328       3       sun.util.locale.LocaleUtils::toLower (17 bytes)
Event: 14.414 Thread 0x00000000179d3000 nmethod 5328 0x0000000003618d50 code [0x0000000003618ec0, 0x0000000003619130]
Event: 14.434 Thread 0x00000000179d3000 5329       1       java.util.logging.LogManager$LoggerContext::getOwner (5 bytes)
Event: 14.434 Thread 0x00000000179d3000 nmethod 5329 0x000000000331c610 code [0x000000000331c760, 0x000000000331c870]
Event: 14.450 Thread 0x00000000179d3000 5331       1       java.lang.reflect.Constructor::getModifiers (5 bytes)
Event: 14.450 Thread 0x00000000179d3000 nmethod 5331 0x0000000003618a90 code [0x0000000003618be0, 0x0000000003618cf0]
Event: 14.458 Thread 0x00000000179d3000 5332       3       java.lang.ClassLoader::getSystemClassLoader (32 bytes)
Event: 14.459 Thread 0x00000000179d3000 nmethod 5332 0x000000000326cb50 code [0x000000000326cd40, 0x000000000326d648]
Event: 14.459 Thread 0x00000000179d3000 5333  s!   2       sun.misc.URLClassPath::getLoader (243 bytes)
Event: 14.461 Thread 0x00000000179d3000 nmethod 5333 0x00000000030c1590 code [0x00000000030c1860, 0x00000000030c2da8]

GC Heap History (10 events):
Event: 8.438 GC heap before
{Heap before GC invocations=9 (full 0):
 PSYoungGen      total 284160K, used 257915K [0x00000000d5d00000, 0x00000000e9600000, 0x0000000100000000)
  eden space 261632K, 89% used [0x00000000d5d00000,0x00000000e42dec48,0x00000000e5c80000)
  from space 22528K, 100% used [0x00000000e7700000,0x00000000e8d00000,0x00000000e8d00000)
  to   space 27136K, 0% used [0x00000000e5c80000,0x00000000e5c80000,0x00000000e7700000)
 ParOldGen       total 87552K, used 33713K [0x0000000081600000, 0x0000000086b80000, 0x00000000d5d00000)
  object space 87552K, 38% used [0x0000000081600000,0x00000000836ec400,0x0000000086b80000)
 Metaspace       used 20356K, capacity 21154K, committed 21296K, reserved 1069056K
  class space    used 2055K, capacity 2381K, committed 2432K, reserved 1048576K
Event: 8.516 GC heap after
Heap after GC invocations=9 (full 0):
 PSYoungGen      total 288768K, used 27120K [0x00000000d5d00000, 0x00000000f4300000, 0x0000000100000000)
  eden space 261632K, 0% used [0x00000000d5d00000,0x00000000d5d00000,0x00000000e5c80000)
  from space 27136K, 99% used [0x00000000e5c80000,0x00000000e76fc030,0x00000000e7700000)
  to   space 39424K, 0% used [0x00000000f1c80000,0x00000000f1c80000,0x00000000f4300000)
 ParOldGen       total 87552K, used 52667K [0x0000000081600000, 0x0000000086b80000, 0x00000000d5d00000)
  object space 87552K, 60% used [0x0000000081600000,0x000000008496eef8,0x0000000086b80000)
 Metaspace       used 20356K, capacity 21154K, committed 21296K, reserved 1069056K
  class space    used 2055K, capacity 2381K, committed 2432K, reserved 1048576K
}
Event: 8.516 GC heap before
{Heap before GC invocations=10 (full 1):
 PSYoungGen      total 288768K, used 27120K [0x00000000d5d00000, 0x00000000f4300000, 0x0000000100000000)
  eden space 261632K, 0% used [0x00000000d5d00000,0x00000000d5d00000,0x00000000e5c80000)
  from space 27136K, 99% used [0x00000000e5c80000,0x00000000e76fc030,0x00000000e7700000)
  to   space 39424K, 0% used [0x00000000f1c80000,0x00000000f1c80000,0x00000000f4300000)
 ParOldGen       total 87552K, used 52667K [0x0000000081600000, 0x0000000086b80000, 0x00000000d5d00000)
  object space 87552K, 60% used [0x0000000081600000,0x000000008496eef8,0x0000000086b80000)
 Metaspace       used 20356K, capacity 21154K, committed 21296K, reserved 1069056K
  class space    used 2055K, capacity 2381K, committed 2432K, reserved 1048576K
Event: 8.892 GC heap after
Heap after GC invocations=10 (full 1):
 PSYoungGen      total 288768K, used 0K [0x00000000d5d00000, 0x00000000f4300000, 0x0000000100000000)
  eden space 261632K, 0% used [0x00000000d5d00000,0x00000000d5d00000,0x00000000e5c80000)
  from space 27136K, 0% used [0x00000000e5c80000,0x00000000e5c80000,0x00000000e7700000)
  to   space 39424K, 0% used [0x00000000f1c80000,0x00000000f1c80000,0x00000000f4300000)
 ParOldGen       total 140288K, used 70955K [0x0000000081600000, 0x0000000089f00000, 0x00000000d5d00000)
  object space 140288K, 50% used [0x0000000081600000,0x0000000085b4af30,0x0000000089f00000)
 Metaspace       used 20356K, capacity 21154K, committed 21296K, reserved 1069056K
  class space    used 2055K, capacity 2381K, committed 2432K, reserved 1048576K
}
Event: 10.430 GC heap before
{Heap before GC invocations=11 (full 1):
 PSYoungGen      total 288768K, used 261632K [0x00000000d5d00000, 0x00000000f4300000, 0x0000000100000000)
  eden space 261632K, 100% used [0x00000000d5d00000,0x00000000e5c80000,0x00000000e5c80000)
  from space 27136K, 0% used [0x00000000e5c80000,0x00000000e5c80000,0x00000000e7700000)
  to   space 39424K, 0% used [0x00000000f1c80000,0x00000000f1c80000,0x00000000f4300000)
 ParOldGen       total 140288K, used 70955K [0x0000000081600000, 0x0000000089f00000, 0x00000000d5d00000)
  object space 140288K, 50% used [0x0000000081600000,0x0000000085b4af30,0x0000000089f00000)
 Metaspace       used 26600K, capacity 28010K, committed 28288K, reserved 1075200K
  class space    used 2588K, capacity 3108K, committed 3200K, reserved 1048576K
Event: 10.440 GC heap after
Heap after GC invocations=11 (full 1):
 PSYoungGen      total 333312K, used 7148K [0x00000000d5d00000, 0x00000000f2380000, 0x0000000100000000)
  eden space 326144K, 0% used [0x00000000d5d00000,0x00000000d5d00000,0x00000000e9b80000)
  from space 7168K, 99% used [0x00000000f1c80000,0x00000000f237b170,0x00000000f2380000)
  to   space 38400K, 0% used [0x00000000ed880000,0x00000000ed880000,0x00000000efe00000)
 ParOldGen       total 140288K, used 70963K [0x0000000081600000, 0x0000000089f00000, 0x00000000d5d00000)
  object space 140288K, 50% used [0x0000000081600000,0x0000000085b4cf30,0x0000000089f00000)
 Metaspace       used 26600K, capacity 28010K, committed 28288K, reserved 1075200K
  class space    used 2588K, capacity 3108K, committed 3200K, reserved 1048576K
}
Event: 12.046 GC heap before
{Heap before GC invocations=12 (full 1):
 PSYoungGen      total 333312K, used 290158K [0x00000000d5d00000, 0x00000000f2380000, 0x0000000100000000)
  eden space 326144K, 86% used [0x00000000d5d00000,0x00000000e71609d0,0x00000000e9b80000)
  from space 7168K, 99% used [0x00000000f1c80000,0x00000000f237b170,0x00000000f2380000)
  to   space 38400K, 0% used [0x00000000ed880000,0x00000000ed880000,0x00000000efe00000)
 ParOldGen       total 140288K, used 70963K [0x0000000081600000, 0x0000000089f00000, 0x00000000d5d00000)
  object space 140288K, 50% used [0x0000000081600000,0x0000000085b4cf30,0x0000000089f00000)
 Metaspace       used 33347K, capacity 35446K, committed 35496K, reserved 1081344K
  class space    used 3251K, capacity 4008K, committed 4008K, reserved 1048576K
Event: 12.071 GC heap after
Heap after GC invocations=12 (full 1):
 PSYoungGen      total 427008K, used 10793K [0x00000000d5d00000, 0x00000000f2c00000, 0x0000000100000000)
  eden space 388608K, 0% used [0x00000000d5d00000,0x00000000d5d00000,0x00000000ed880000)
  from space 38400K, 28% used [0x00000000ed880000,0x00000000ee30a6e0,0x00000000efe00000)
  to   space 36864K, 0% used [0x00000000f0800000,0x00000000f0800000,0x00000000f2c00000)
 ParOldGen       total 140288K, used 70971K [0x0000000081600000, 0x0000000089f00000, 0x00000000d5d00000)
  object space 140288K, 50% used [0x0000000081600000,0x0000000085b4ef30,0x0000000089f00000)
 Metaspace       used 33347K, capacity 35446K, committed 35496K, reserved 1081344K
  class space    used 3251K, capacity 4008K, committed 4008K, reserved 1048576K
}
Event: 12.071 GC heap before
{Heap before GC invocations=13 (full 2):
 PSYoungGen      total 427008K, used 10793K [0x00000000d5d00000, 0x00000000f2c00000, 0x0000000100000000)
  eden space 388608K, 0% used [0x00000000d5d00000,0x00000000d5d00000,0x00000000ed880000)
  from space 38400K, 28% used [0x00000000ed880000,0x00000000ee30a6e0,0x00000000efe00000)
  to   space 36864K, 0% used [0x00000000f0800000,0x00000000f0800000,0x00000000f2c00000)
 ParOldGen       total 140288K, used 70971K [0x0000000081600000, 0x0000000089f00000, 0x00000000d5d00000)
  object space 140288K, 50% used [0x0000000081600000,0x0000000085b4ef30,0x0000000089f00000)
 Metaspace       used 33347K, capacity 35446K, committed 35496K, reserved 1081344K
  class space    used 3251K, capacity 4008K, committed 4008K, reserved 1048576K
Event: 12.341 GC heap after
Heap after GC invocations=13 (full 2):
 PSYoungGen      total 427008K, used 0K [0x00000000d5d00000, 0x00000000f2c00000, 0x0000000100000000)
  eden space 388608K, 0% used [0x00000000d5d00000,0x00000000d5d00000,0x00000000ed880000)
  from space 38400K, 0% used [0x00000000ed880000,0x00000000ed880000,0x00000000efe00000)
  to   space 36864K, 0% used [0x00000000f0800000,0x00000000f0800000,0x00000000f2c00000)
 ParOldGen       total 140288K, used 76244K [0x0000000081600000, 0x0000000089f00000, 0x00000000d5d00000)
  object space 140288K, 54% used [0x0000000081600000,0x0000000086075080,0x0000000089f00000)
 Metaspace       used 33347K, capacity 35446K, committed 35496K, reserved 1081344K
  class space    used 3251K, capacity 4008K, committed 4008K, reserved 1048576K
}

Deoptimization events (10 events):
Event: 13.901 Thread 0x0000000002b63800 Uncommon trap: reason=unstable_if action=reinterpret pc=0x0000000003735544 method=com.sun.org.apache.xerces.internal.impl.XMLDocumentFragmentScannerImpl.getString()Lcom/sun/org/apache/xerces/internal/xni/XMLString; @ 8
Event: 14.053 Thread 0x0000000002b63800 Uncommon trap: reason=unstable_if action=reinterpret pc=0x0000000003558ca4 method=org.robolectric.res.StyleResolver.getAttrValue(Lorg/robolectric/res/ResName;)Lorg/robolectric/res/AttributeResource; @ 203
Event: 14.117 Thread 0x0000000002b63800 Uncommon trap: reason=unstable_if action=reinterpret pc=0x0000000003b4f9b8 method=java.util.Arrays.equals([B[B)Z @ 2
Event: 14.130 Thread 0x0000000002b63800 Uncommon trap: reason=unstable_if action=reinterpret pc=0x00000000038d1bdc method=com.sun.org.apache.xerces.internal.util.SymbolTable.addSymbol0([CIIII)Ljava/lang/String; @ 8
Event: 14.320 Thread 0x0000000002b63800 Uncommon trap: reason=class_check action=maybe_recompile pc=0x00000000039a3738 method=java.util.regex.Pattern$BnM.match(Ljava/util/regex/Matcher;ILjava/lang/CharSequence;)Z @ 111
Event: 14.320 Thread 0x0000000002b63800 Uncommon trap: reason=unstable_if action=reinterpret pc=0x00000000035fc67c method=java.io.WinNTFileSystem.prefixLength(Ljava/lang/String;)I @ 68
Event: 14.329 Thread 0x0000000002b63800 Uncommon trap: reason=bimorphic action=maybe_recompile pc=0x0000000003b9f648 method=java.io.FilterInputStream.read([B)I @ 5
Event: 14.329 Thread 0x0000000002b63800 Uncommon trap: reason=bimorphic action=maybe_recompile pc=0x0000000003b9f648 method=java.io.FilterInputStream.read([B)I @ 5
Event: 14.448 Thread 0x0000000002b63800 Uncommon trap: reason=predicate action=maybe_recompile pc=0x00000000035d12dc method=java.util.TreeMap.put(Ljava/lang/Object;Ljava/lang/Object;)Ljava/lang/Object; @ 58
Event: 14.448 Thread 0x0000000002b63800 Uncommon trap: reason=predicate action=maybe_recompile pc=0x0000000003a8f540 method=java.util.TreeMap.getEntryUsingComparator(Ljava/lang/Object;)Ljava/util/TreeMap$Entry; @ 22

Classes redefined (0 events):
No events

Internal exceptions (10 events):
Event: 7.831 Thread 0x0000000002b63800 Implicit null exception at 0x00000000030a4c56 to 0x00000000030a4ff1
Event: 7.831 Thread 0x0000000002b63800 Implicit null exception at 0x0000000002fe2a14 to 0x0000000002fe2dd9
Event: 7.850 Thread 0x0000000002b63800 Implicit null exception at 0x00000000038e5e74 to 0x00000000038ea491
Event: 9.378 Thread 0x0000000002b63800 Exception <a 'java/io/FileNotFoundException'> (0x00000000da73cd58) thrown at [D:\src\AOSP-openjdk-cygwin\jdk8u\hotspot\src\share\vm\prims\jni.cpp, line 709]
Event: 9.673 Thread 0x0000000002b63800 Exception <a 'java/lang/NoSuchFieldError': method resolution failed> (0x00000000dbc94690) thrown at [D:\src\AOSP-openjdk-cygwin\jdk8u\hotspot\src\share\vm\prims\methodHandles.cpp, line 1167]
Event: 10.903 Thread 0x0000000002b63800 Exception <a 'sun/nio/fs/WindowsException'> (0x00000000d9674910) thrown at [D:\src\AOSP-openjdk-cygwin\jdk8u\hotspot\src\share\vm\prims\jni.cpp, line 709]
Event: 11.646 Thread 0x0000000002b63800 Exception <a 'java/lang/NoSuchFieldError': method resolution failed> (0x00000000e37abf18) thrown at [D:\src\AOSP-openjdk-cygwin\jdk8u\hotspot\src\share\vm\prims\methodHandles.cpp, line 1167]
Event: 13.084 Thread 0x0000000002b63800 Exception <a 'java/lang/NoSuchFieldError': method resolution failed> (0x00000000ddcfa518) thrown at [D:\src\AOSP-openjdk-cygwin\jdk8u\hotspot\src\share\vm\prims\methodHandles.cpp, line 1167]
Event: 13.535 Thread 0x0000000002b63800 Exception <a 'java/lang/NoSuchFieldError': method resolution failed> (0x00000000e2a3fd58) thrown at [D:\src\AOSP-openjdk-cygwin\jdk8u\hotspot\src\share\vm\prims\methodHandles.cpp, line 1167]
Event: 14.445 Thread 0x0000000002b63800 Exception <a 'java/io/FileNotFoundException'> (0x00000000eaf938c8) thrown at [D:\src\AOSP-openjdk-cygwin\jdk8u\hotspot\src\share\vm\prims\jni.cpp, line 709]

Events (10 events):
Event: 14.456 loading class com/sun/imageio/spi/OutputStreamImageOutputStreamSpi
Event: 14.456 loading class com/sun/imageio/spi/OutputStreamImageOutputStreamSpi done
Event: 14.456 loading class com/sun/imageio/spi/RAFImageInputStreamSpi
Event: 14.456 loading class com/sun/imageio/spi/RAFImageInputStreamSpi done
Event: 14.456 loading class java/io/RandomAccessFile
Event: 14.457 loading class java/io/RandomAccessFile done
Event: 14.457 loading class com/sun/imageio/spi/RAFImageOutputStreamSpi
Event: 14.457 loading class com/sun/imageio/spi/RAFImageOutputStreamSpi done
Event: 14.457 loading class javax/imageio/spi/IIORegistry$1
Event: 14.457 loading class javax/imageio/spi/IIORegistry$1 done


Dynamic libraries:
0x00007ff7f28b0000 - 0x00007ff7f28e1000 	C:\Program Files\Android\Android Studio\jre\bin\java.exe
0x00007ffb6c110000 - 0x00007ffb6c2bd000 	C:\windows\SYSTEM32\ntdll.dll
0x00007ffb69bc0000 - 0x00007ffb69cfe000 	C:\windows\system32\KERNEL32.DLL
0x00007ffb69310000 - 0x00007ffb69425000 	C:\windows\system32\KERNELBASE.dll
0x00007ffb6a660000 - 0x00007ffb6a70a000 	C:\windows\system32\ADVAPI32.dll
0x00007ffb69e50000 - 0x00007ffb69fc7000 	C:\windows\system32\USER32.dll
0x00007ffb66eb0000 - 0x00007ffb6712b000 	C:\windows\WinSxS\amd64_microsoft.windows.common-controls_6595b64144ccf1df_6.0.9600.18006_none_623f33d3ecbe86e8\COMCTL32.dll
0x00007ffb6bd50000 - 0x00007ffb6bdfa000 	C:\windows\system32\msvcrt.dll
0x00007ffb6c0b0000 - 0x00007ffb6c109000 	C:\windows\SYSTEM32\sechost.dll
0x00007ffb6be10000 - 0x00007ffb6bf50000 	C:\windows\system32\RPCRT4.dll
0x00007ffb69d00000 - 0x00007ffb69e4b000 	C:\windows\system32\GDI32.dll
0x00007ffb69480000 - 0x00007ffb694ae000 	C:\windows\system32\SspiCli.dll
0x00007ffb6bc50000 - 0x00007ffb6bc86000 	C:\windows\system32\IMM32.DLL
0x00007ffb6bf50000 - 0x00007ffb6c0a2000 	C:\windows\system32\MSCTF.dll
0x00000000599a0000 - 0x0000000059a72000 	C:\Program Files\Android\Android Studio\jre\jre\bin\msvcr100.dll
0x0000000059a80000 - 0x000000005a2c1000 	C:\Program Files\Android\Android Studio\jre\jre\bin\server\jvm.dll
0x00007ffb60a80000 - 0x00007ffb60a89000 	C:\windows\SYSTEM32\WSOCK32.dll
0x00007ffb60b20000 - 0x00007ffb60b42000 	C:\windows\SYSTEM32\WINMM.dll
0x00007ffb61160000 - 0x00007ffb6116a000 	C:\windows\SYSTEM32\VERSION.dll
0x00007ffb698d0000 - 0x00007ffb698d7000 	C:\windows\system32\PSAPI.DLL
0x00007ffb6a220000 - 0x00007ffb6a27a000 	C:\windows\system32\WS2_32.dll
0x00007ffb60af0000 - 0x00007ffb60b1a000 	C:\windows\SYSTEM32\WINMMBASE.dll
0x00007ffb6a430000 - 0x00007ffb6a439000 	C:\windows\system32\NSI.dll
0x00007ffb69430000 - 0x00007ffb6947f000 	C:\windows\SYSTEM32\cfgmgr32.dll
0x00007ffb68060000 - 0x00007ffb68088000 	C:\windows\SYSTEM32\DEVOBJ.dll
0x00007ffb5e7b0000 - 0x00007ffb5e7bf000 	C:\Program Files\Android\Android Studio\jre\jre\bin\verify.dll
0x00007ffb5e0a0000 - 0x00007ffb5e0c9000 	C:\Program Files\Android\Android Studio\jre\jre\bin\java.dll
0x00007ffb5d1b0000 - 0x00007ffb5d1d3000 	C:\Program Files\Android\Android Studio\jre\jre\bin\instrument.dll
0x00007ffb5e590000 - 0x00007ffb5e5a6000 	C:\Program Files\Android\Android Studio\jre\jre\bin\zip.dll
0x00007ffb6a720000 - 0x00007ffb6bc49000 	C:\windows\system32\SHELL32.dll
0x00007ffb698e0000 - 0x00007ffb69af2000 	C:\windows\SYSTEM32\combase.dll
0x00007ffb6a600000 - 0x00007ffb6a654000 	C:\windows\system32\SHLWAPI.dll
0x00007ffb677d0000 - 0x00007ffb67882000 	C:\windows\SYSTEM32\SHCORE.dll
0x00007ffb69240000 - 0x00007ffb69255000 	C:\windows\SYSTEM32\profapi.dll
0x00007ffb5d190000 - 0x00007ffb5d1aa000 	C:\Program Files\Android\Android Studio\bin\breakgen64.dll
0x00007ffb5e540000 - 0x00007ffb5e55a000 	C:\Program Files\Android\Android Studio\jre\jre\bin\net.dll
0x00007ffb68b70000 - 0x00007ffb68bc9000 	C:\windows\system32\mswsock.dll
0x00007ffb68bd0000 - 0x00007ffb68bf0000 	C:\windows\SYSTEM32\CRYPTSP.dll
0x00007ffb686a0000 - 0x00007ffb686d6000 	C:\windows\system32\rsaenh.dll
0x00007ffb68d20000 - 0x00007ffb68d46000 	C:\windows\SYSTEM32\bcrypt.dll
0x00007ffb68820000 - 0x00007ffb68841000 	C:\windows\SYSTEM32\USERENV.dll
0x00007ffb69040000 - 0x00007ffb690a3000 	C:\windows\system32\bcryptprimitives.dll
0x00007ffb690b0000 - 0x00007ffb690bb000 	C:\windows\SYSTEM32\CRYPTBASE.dll
0x00007ffb63e00000 - 0x00007ffb63e2a000 	C:\windows\SYSTEM32\IPHLPAPI.DLL
0x00007ffb63de0000 - 0x00007ffb63dea000 	C:\windows\SYSTEM32\WINNSI.DLL
0x00007ffb63850000 - 0x00007ffb63866000 	C:\windows\SYSTEM32\dhcpcsvc6.DLL
0x00007ffb63a50000 - 0x00007ffb63a6a000 	C:\windows\SYSTEM32\dhcpcsvc.DLL
0x00007ffb5d9a0000 - 0x00007ffb5d9b1000 	C:\Program Files\Android\Android Studio\jre\jre\bin\nio.dll
0x00007ffb5b7c0000 - 0x00007ffb5b7e4000 	C:\Program Files\Android\Android Studio\jre\jre\bin\sunec.dll
0x00007ffb5df40000 - 0x00007ffb5df4b000 	C:\Program Files\Android\Android Studio\jre\jre\bin\sunmscapi.dll
0x00007ffb69510000 - 0x00007ffb696ef000 	C:\windows\system32\CRYPT32.dll
0x00007ffb692f0000 - 0x00007ffb69301000 	C:\windows\system32\MSASN1.dll
0x00007ffb53660000 - 0x00007ffb537f7000 	C:\Program Files\Android\Android Studio\jre\jre\bin\awt.dll
0x00007ffb697a0000 - 0x00007ffb69866000 	C:\windows\system32\OLEAUT32.dll
0x00007ffb648d0000 - 0x00007ffb64d51000 	C:\windows\SYSTEM32\d2d1.dll
0x00007ffb67e00000 - 0x00007ffb67e8e000 	C:\windows\system32\apphelp.dll

VM Arguments:
jvm_args: -ea -Didea.test.cyclic.buffer.size=1048576 -javaagent:C:\Program Files\Android\Android Studio\lib\idea_rt.jar=54014:C:\Program Files\Android\Android Studio\bin -Dfile.encoding=UTF-8 
java_command: com.intellij.rt.execution.junit.JUnitStarter -ideVersion5 -junit4 edu.illinois.cs.cs125.spring2019.mp2.GameAppTest,testWinnerLabel
java_class_path (initial): C:\Program Files\Android\Android Studio\lib\idea_rt.jar;C:\Program Files\Android\Android Studio\plugins\junit\lib\junit-rt.jar;C:\Program Files\Android\Android Studio\plugins\junit\lib\junit5-rt.jar;C:\Users\Oscar\AppData\Local\Android\Sdk\platforms\android-28\data\res;C:\Users\Oscar\Documents\GitHub\MP2-Spring2019-ARBALEST2018\app\build\intermediates\javac\debugUnitTest\compileDebugUnitTestJavaWithJavac\classes;C:\Users\Oscar\Documents\GitHub\MP2-Spring2019-ARBALEST2018\app\build\intermediates\javac\debug\compileDebugJavaWithJavac\classes;C:\Users\Oscar\Documents\GitHub\MP2-Spring2019-ARBALEST2018\app\build\generated\res\rs\debug;C:\Users\Oscar\Documents\GitHub\MP2-Spring2019-ARBALEST2018\app\build\generated\res\resValues\debug;C:\Users\Oscar\Documents\GitHub\MP2-Spring2019-ARBALEST2018\app\build\intermediates\unit_test_config_directory\debugUnitTest\generateDebugUnitTestConfig\out;C:\Users\Oscar\.gradle\caches\modules-2\files-2.1\backport-util-concurrent\backport-util-concurrent\3.1\682f7ac17fed79e92f8e87d8455192b63376347b\backport-util-concurrent-3.1.jar;C:\Users\Oscar\.gradle\caches\modules-2\files-2.1\org.powermock\powermock-api-support\1.6.6\5ba4af06a0345c615efcdadb6ef35f5ae5a39a36\powermock-api-support-1.6.6.jar;C:\Users\Oscar\.gradle\caches\transforms-1\files-1.1\localbroadcastmanager-28.0.0.aar\37e86d7476d805c97cec838a4e56e9e5\jars\classes.jar;C:\Users\Oscar\.gradle\caches\transforms-1\files-1.1\monitor-1.1.1.aar\07052b3e532aac8de20e3ab6bba433da\jars\classes.jar;C:\Users\Oscar\.gradle\caches\transforms-1\files-1.1\loader-28.0.0.aar\2b7aa6f5e5254d86b4d43e52d3c73a6c\jars\classes.jar;C:\Users\Oscar\.gradle\caches\transforms-1\files-1.1\livedata-core-1.1.1.aar\3349317e3fce71889cbb4d2ab215eab8\jars\classes.jar;C:\Users\Oscar\.gradle\caches\modules-2\files-2.1\org.apache.maven\maven-project\2.2.1\8239e98c16f641d55a4ad0e0bab0aee3aff8933f\maven-project-2.2.1.jar;C:\Users\Oscar\.gradle\caches\modules-2\files-2.1\org.apache.maven.wagon\wa
Launcher Type: SUN_STANDARD

Environment Variables:
PATH=C:\Program Files (x86)\Common Files\Oracle\Java\javapath;C:\ProgramData\Oracle\Java\javapath;C:\windows\system32;C:\windows;C:\windows\System32\Wbem;C:\windows\System32\WindowsPowerShell\v1.0\;C:\Program Files (x86)\QuickTime\QTSystem\;C:\Program Files\Git\cmd;C:\Users\Oscar\AppData\Local\GitHubDesktop\bin
USERNAME=Oscar
OS=Windows_NT
PROCESSOR_IDENTIFIER=Intel64 Family 6 Model 69 Stepping 1, GenuineIntel



---------------  S Y S T E M  ---------------

OS: Windows 8.1 , 64 bit Build 9600 (6.3.9600.17415)

CPU:total 4 (initial active 4) (2 cores per cpu, 2 threads per core) family 6 model 69 stepping 1, cmov, cx8, fxsr, mmx, sse, sse2, sse3, ssse3, sse4.1, sse4.2, popcnt, avx, avx2, aes, clmul, erms, lzcnt, ht, tsc, tscinvbit, bmi1, bmi2

Memory: 4k page, physical 8291400k(1995540k free), swap 16727184k(9052k free)

vm_info: OpenJDK 64-Bit Server VM (25.152-b01) for windows-amd64 JRE (1.8.0_152-release-1248-b01), built by "builder" with MS VC++ 10.0 (VS2010)

time: Wed Feb 20 22:28:16 2019
elapsed time: 14 seconds (0d 0h 0m 14s)

