#
# There is insufficient memory for the Java Runtime Environment to continue.
# Native memory allocation (malloc) failed to allocate 713696 bytes for Chunk::new
# Possible reasons:
#   The system is out of physical RAM or swap space
#   In 32 bit mode, the process size limit was hit
# Possible solutions:
#   Reduce memory load on the system
#   Increase physical memory or swap space
#   Check if swap backing store is full
#   Use 64 bit Java on a 64 bit OS
#   Decrease Java heap size (-Xmx/-Xms)
#   Decrease number of Java threads
#   Decrease Java thread stack sizes (-Xss)
#   Set larger code cache with -XX:ReservedCodeCacheSize=
# This output file may be truncated or incomplete.
#
#  Out of Memory Error (allocation.cpp:390), pid=38868, tid=0x0000000000008ba8
#
# JRE version: OpenJDK Runtime Environment (8.0_152-b01) (build 1.8.0_152-release-1248-b01)
# Java VM: OpenJDK 64-Bit Server VM (25.152-b01 mixed mode windows-amd64 compressed oops)
# Failed to write core dump. Minidumps are not enabled by default on client versions of Windows
#

---------------  T H R E A D  ---------------

Current thread (0x0000000018024800):  JavaThread "C2 CompilerThread1" daemon [_thread_in_native, id=35752, stack(0x0000000018750000,0x0000000018850000)]

Stack: [0x0000000018750000,0x0000000018850000]
[error occurred during error reporting (printing stack bounds), id 0xc0000005]

Native frames: (J=compiled Java code, j=interpreted, Vv=VM code, C=native code)


Current CompileTask:
C2:  24124 3811       4       org.objectweb.asm.Frame::execute (2318 bytes)


---------------  P R O C E S S  ---------------

Java Threads: ( => current thread )
  0x0000000019168000 JavaThread "pool-1-thread-1" [_thread_blocked, id=38420, stack(0x000000001ad40000,0x000000001ae40000)]
  0x0000000019033800 JavaThread "/127.0.0.1:53509 to /127.0.0.1:53502 workers Thread 3" [_thread_in_native, id=38096, stack(0x000000001a640000,0x000000001a740000)]
  0x0000000019032800 JavaThread "/127.0.0.1:53509 to /127.0.0.1:53502 workers Thread 2" [_thread_blocked, id=36188, stack(0x000000001a540000,0x000000001a640000)]
  0x0000000019325800 JavaThread "Test worker" [_thread_in_vm, id=39296, stack(0x000000001a420000,0x000000001a520000)]
  0x00000000180a6000 JavaThread "Service Thread" daemon [_thread_blocked, id=37284, stack(0x0000000018950000,0x0000000018a50000)]
  0x000000001802b000 JavaThread "C1 CompilerThread2" daemon [_thread_blocked, id=33292, stack(0x0000000018850000,0x0000000018950000)]
=>0x0000000018024800 JavaThread "C2 CompilerThread1" daemon [_thread_in_native, id=35752, stack(0x0000000018750000,0x0000000018850000)]
  0x0000000018020000 JavaThread "C2 CompilerThread0" daemon [_thread_in_native, id=39732, stack(0x0000000018650000,0x0000000018750000)]
  0x000000001801e000 JavaThread "Attach Listener" daemon [_thread_blocked, id=38580, stack(0x0000000018550000,0x0000000018650000)]
  0x000000001801d000 JavaThread "Signal Dispatcher" daemon [_thread_blocked, id=38964, stack(0x0000000018450000,0x0000000018550000)]
  0x000000000208c000 JavaThread "Finalizer" daemon [_thread_blocked, id=39212, stack(0x0000000017ea0000,0x0000000017fa0000)]
  0x0000000002081000 JavaThread "Reference Handler" daemon [_thread_blocked, id=948, stack(0x0000000017da0000,0x0000000017ea0000)]
  0x0000000001b5e000 JavaThread "main" [_thread_blocked, id=37940, stack(0x0000000001b60000,0x0000000001c60000)]

Other Threads:
  0x0000000016be6800 VMThread [stack: 0x0000000017ca0000,0x0000000017da0000] [id=1400]
  0x00000000180a7800 WatcherThread [stack: 0x0000000018a50000,0x0000000018b50000] [id=36348]

VM state:not at safepoint (normal execution)

VM Mutex/Monitor currently owned by a thread: None

Heap:
 PSYoungGen      total 196096K, used 120515K [0x00000000d5d00000, 0x00000000e4f00000, 0x0000000100000000)
  eden space 170496K, 63% used [0x00000000d5d00000,0x00000000dc642e30,0x00000000e0380000)
  from space 25600K, 49% used [0x00000000e2400000,0x00000000e306e158,0x00000000e3d00000)
  to   space 33280K, 0% used [0x00000000e0380000,0x00000000e0380000,0x00000000e2400000)
 ParOldGen       total 54272K, used 53787K [0x0000000081600000, 0x0000000084b00000, 0x00000000d5d00000)
  object space 54272K, 99% used [0x0000000081600000,0x0000000084a86e98,0x0000000084b00000)
 Metaspace       used 26585K, capacity 27852K, committed 28032K, reserved 1073152K
  class space    used 2880K, capacity 3332K, committed 3456K, reserved 1048576K

Card table byte_map: [0x0000000011450000,0x0000000011850000] byte_map_base: 0x0000000011045000

Marking Bits: (ParMarkBitMap*) 0x000000005a245aa0
 Begin Bits: [0x0000000011f00000, 0x0000000013ea8000)
 End Bits:   [0x0000000013ea8000, 0x0000000015e50000)

Polling page: 0x0000000000300000

CodeCache: size=245760Kb used=10806Kb max_used=11309Kb free=234953Kb
 bounds [0x0000000002090000, 0x0000000002bc0000, 0x0000000011090000]
 total_blobs=3622 nmethods=3149 adapters=384
 compilation: enabled

Compilation events (10 events):
Event: 23.991 Thread 0x0000000018024800 nmethod 3810 0x000000000247e810 code [0x000000000247e940, 0x000000000247e9d8]
Event: 23.991 Thread 0x0000000018024800 3805       4       org.objectweb.asm.commons.GeneratorAdapter::<init> (50 bytes)
Event: 24.037 Thread 0x0000000018024800 nmethod 3805 0x0000000002a1cbd0 code [0x0000000002a1d060, 0x0000000002a1dc28]
Event: 24.038 Thread 0x0000000018024800 3811       4       org.objectweb.asm.Frame::execute (2318 bytes)
Event: 24.075 Thread 0x000000001802b000 3813       1       java.lang.reflect.Proxy$Key1::hashCode (5 bytes)
Event: 24.075 Thread 0x000000001802b000 nmethod 3813 0x00000000021d62d0 code [0x00000000021d6420, 0x00000000021d6530]
Event: 24.075 Thread 0x000000001802b000 3814       3       sun.reflect.annotation.AnnotationInvocationHandler::invoke (277 bytes)
Event: 24.077 Thread 0x000000001802b000 nmethod 3814 0x00000000023f5590 code [0x00000000023f5880, 0x00000000023f6e78]
Event: 24.081 Thread 0x000000001802b000 3815       3       org.objectweb.asm.tree.MethodNode::visitAnnotableParameterCount (18 bytes)
Event: 24.082 Thread 0x000000001802b000 nmethod 3815 0x0000000002a1c850 code [0x0000000002a1c9a0, 0x0000000002a1cb50]

GC Heap History (10 events):
Event: 15.468 GC heap before
{Heap before GC invocations=8 (full 1):
 PSYoungGen      total 142336K, used 132608K [0x00000000d5d00000, 0x00000000df300000, 0x0000000100000000)
  eden space 132608K, 100% used [0x00000000d5d00000,0x00000000dde80000,0x00000000dde80000)
  from space 9728K, 0% used [0x00000000de880000,0x00000000de880000,0x00000000df200000)
  to   space 10240K, 0% used [0x00000000dde80000,0x00000000dde80000,0x00000000de880000)
 ParOldGen       total 54272K, used 11221K [0x0000000081600000, 0x0000000084b00000, 0x00000000d5d00000)
  object space 54272K, 20% used [0x0000000081600000,0x00000000820f5738,0x0000000084b00000)
 Metaspace       used 23257K, capacity 24120K, committed 24320K, reserved 1071104K
  class space    used 2608K, capacity 2954K, committed 3072K, reserved 1048576K
Event: 15.516 GC heap after
Heap after GC invocations=8 (full 1):
 PSYoungGen      total 142848K, used 10208K [0x00000000d5d00000, 0x00000000df300000, 0x0000000100000000)
  eden space 132608K, 0% used [0x00000000d5d00000,0x00000000d5d00000,0x00000000dde80000)
  from space 10240K, 99% used [0x00000000dde80000,0x00000000de878020,0x00000000de880000)
  to   space 9728K, 0% used [0x00000000de880000,0x00000000de880000,0x00000000df200000)
 ParOldGen       total 54272K, used 20851K [0x0000000081600000, 0x0000000084b00000, 0x00000000d5d00000)
  object space 54272K, 38% used [0x0000000081600000,0x0000000082a5cc10,0x0000000084b00000)
 Metaspace       used 23257K, capacity 24120K, committed 24320K, reserved 1071104K
  class space    used 2608K, capacity 2954K, committed 3072K, reserved 1048576K
}
Event: 18.082 GC heap before
{Heap before GC invocations=9 (full 1):
 PSYoungGen      total 142848K, used 142816K [0x00000000d5d00000, 0x00000000df300000, 0x0000000100000000)
  eden space 132608K, 100% used [0x00000000d5d00000,0x00000000dde80000,0x00000000dde80000)
  from space 10240K, 99% used [0x00000000dde80000,0x00000000de878020,0x00000000de880000)
  to   space 9728K, 0% used [0x00000000de880000,0x00000000de880000,0x00000000df200000)
 ParOldGen       total 54272K, used 20851K [0x0000000081600000, 0x0000000084b00000, 0x00000000d5d00000)
  object space 54272K, 38% used [0x0000000081600000,0x0000000082a5cc10,0x0000000084b00000)
 Metaspace       used 23675K, capacity 24600K, committed 24832K, reserved 1071104K
  class space    used 2633K, capacity 2986K, committed 3072K, reserved 1048576K
Event: 18.131 GC heap after
Heap after GC invocations=9 (full 1):
 PSYoungGen      total 130560K, used 9712K [0x00000000d5d00000, 0x00000000e7100000, 0x0000000100000000)
  eden space 120832K, 0% used [0x00000000d5d00000,0x00000000d5d00000,0x00000000dd300000)
  from space 9728K, 99% used [0x00000000de880000,0x00000000df1fc020,0x00000000df200000)
  to   space 22016K, 0% used [0x00000000dd300000,0x00000000dd300000,0x00000000de880000)
 ParOldGen       total 54272K, used 36205K [0x0000000081600000, 0x0000000084b00000, 0x00000000d5d00000)
  object space 54272K, 66% used [0x0000000081600000,0x000000008395b560,0x0000000084b00000)
 Metaspace       used 23675K, capacity 24600K, committed 24832K, reserved 1071104K
  class space    used 2633K, capacity 2986K, committed 3072K, reserved 1048576K
}
Event: 19.470 GC heap before
{Heap before GC invocations=10 (full 1):
 PSYoungGen      total 130560K, used 130544K [0x00000000d5d00000, 0x00000000e7100000, 0x0000000100000000)
  eden space 120832K, 100% used [0x00000000d5d00000,0x00000000dd300000,0x00000000dd300000)
  from space 9728K, 99% used [0x00000000de880000,0x00000000df1fc020,0x00000000df200000)
  to   space 22016K, 0% used [0x00000000dd300000,0x00000000dd300000,0x00000000de880000)
 ParOldGen       total 54272K, used 36205K [0x0000000081600000, 0x0000000084b00000, 0x00000000d5d00000)
  object space 54272K, 66% used [0x0000000081600000,0x000000008395b560,0x0000000084b00000)
 Metaspace       used 23751K, capacity 24664K, committed 24832K, reserved 1071104K
  class space    used 2633K, capacity 2986K, committed 3072K, reserved 1048576K
Event: 19.520 GC heap after
Heap after GC invocations=10 (full 1):
 PSYoungGen      total 142848K, used 21984K [0x00000000d5d00000, 0x00000000e3d00000, 0x0000000100000000)
  eden space 120832K, 0% used [0x00000000d5d00000,0x00000000d5d00000,0x00000000dd300000)
  from space 22016K, 99% used [0x00000000dd300000,0x00000000de878010,0x00000000de880000)
  to   space 25600K, 0% used [0x00000000e2400000,0x00000000e2400000,0x00000000e3d00000)
 ParOldGen       total 54272K, used 36293K [0x0000000081600000, 0x0000000084b00000, 0x00000000d5d00000)
  object space 54272K, 66% used [0x0000000081600000,0x0000000083971560,0x0000000084b00000)
 Metaspace       used 23751K, capacity 24664K, committed 24832K, reserved 1071104K
  class space    used 2633K, capacity 2986K, committed 3072K, reserved 1048576K
}
Event: 20.479 GC heap before
{Heap before GC invocations=11 (full 1):
 PSYoungGen      total 142848K, used 142816K [0x00000000d5d00000, 0x00000000e3d00000, 0x0000000100000000)
  eden space 120832K, 100% used [0x00000000d5d00000,0x00000000dd300000,0x00000000dd300000)
  from space 22016K, 99% used [0x00000000dd300000,0x00000000de878010,0x00000000de880000)
  to   space 25600K, 0% used [0x00000000e2400000,0x00000000e2400000,0x00000000e3d00000)
 ParOldGen       total 54272K, used 36293K [0x0000000081600000, 0x0000000084b00000, 0x00000000d5d00000)
  object space 54272K, 66% used [0x0000000081600000,0x0000000083971560,0x0000000084b00000)
 Metaspace       used 23920K, capacity 24846K, committed 25088K, reserved 1071104K
  class space    used 2649K, capacity 3023K, committed 3072K, reserved 1048576K
Event: 20.589 GC heap after
Heap after GC invocations=11 (full 1):
 PSYoungGen      total 196096K, used 25568K [0x00000000d5d00000, 0x00000000e4f00000, 0x0000000100000000)
  eden space 170496K, 0% used [0x00000000d5d00000,0x00000000d5d00000,0x00000000e0380000)
  from space 25600K, 99% used [0x00000000e2400000,0x00000000e3cf8020,0x00000000e3d00000)
  to   space 33280K, 0% used [0x00000000e0380000,0x00000000e0380000,0x00000000e2400000)
 ParOldGen       total 54272K, used 47349K [0x0000000081600000, 0x0000000084b00000, 0x00000000d5d00000)
  object space 54272K, 87% used [0x0000000081600000,0x000000008443d610,0x0000000084b00000)
 Metaspace       used 23920K, capacity 24846K, committed 25088K, reserved 1071104K
  class space    used 2649K, capacity 3023K, committed 3072K, reserved 1048576K
}
Event: 20.590 GC heap before
{Heap before GC invocations=12 (full 2):
 PSYoungGen      total 196096K, used 25568K [0x00000000d5d00000, 0x00000000e4f00000, 0x0000000100000000)
  eden space 170496K, 0% used [0x00000000d5d00000,0x00000000d5d00000,0x00000000e0380000)
  from space 25600K, 99% used [0x00000000e2400000,0x00000000e3cf8020,0x00000000e3d00000)
  to   space 33280K, 0% used [0x00000000e0380000,0x00000000e0380000,0x00000000e2400000)
 ParOldGen       total 54272K, used 47349K [0x0000000081600000, 0x0000000084b00000, 0x00000000d5d00000)
  object space 54272K, 87% used [0x0000000081600000,0x000000008443d610,0x0000000084b00000)
 Metaspace       used 23920K, capacity 24846K, committed 25088K, reserved 1071104K
  class space    used 2649K, capacity 3023K, committed 3072K, reserved 1048576K
Event: 21.190 GC heap after
Heap after GC invocations=12 (full 2):
 PSYoungGen      total 196096K, used 12728K [0x00000000d5d00000, 0x00000000e4f00000, 0x0000000100000000)
  eden space 170496K, 0% used [0x00000000d5d00000,0x00000000d5d00000,0x00000000e0380000)
  from space 25600K, 49% used [0x00000000e2400000,0x00000000e306e158,0x00000000e3d00000)
  to   space 33280K, 0% used [0x00000000e0380000,0x00000000e0380000,0x00000000e2400000)
 ParOldGen       total 54272K, used 53787K [0x0000000081600000, 0x0000000084b00000, 0x00000000d5d00000)
  object space 54272K, 99% used [0x0000000081600000,0x0000000084a86e98,0x0000000084b00000)
 Metaspace       used 23920K, capacity 24846K, committed 25088K, reserved 1071104K
  class space    used 2649K, capacity 3023K, committed 3072K, reserved 1048576K
}

Deoptimization events (10 events):
Event: 23.332 Thread 0x0000000019325800 Uncommon trap: reason=unstable_if action=reinterpret pc=0x0000000002719144 method=sun.reflect.UnsafeFieldAccessorFactory.newFieldAccessor(Ljava/lang/reflect/Field;Z)Lsun/reflect/FieldAccessor; @ 69
Event: 23.332 Thread 0x0000000019325800 Uncommon trap: reason=unstable_if action=reinterpret pc=0x00000000023f0a6c method=sun.reflect.UnsafeFieldAccessorImpl.<init>(Ljava/lang/reflect/Field;)V @ 16
Event: 23.769 Thread 0x0000000019325800 Uncommon trap: reason=unstable_if action=reinterpret pc=0x0000000002906b50 method=org.objectweb.asm.Frame.execute(IILorg/objectweb/asm/Symbol;Lorg/objectweb/asm/SymbolTable;)V @ 1299
Event: 23.826 Thread 0x0000000019325800 Uncommon trap: reason=class_check action=maybe_recompile pc=0x00000000024ef128 method=java.util.TreeMap.getEntry(Ljava/lang/Object;)Ljava/util/TreeMap$Entry; @ 26
Event: 23.860 Thread 0x0000000019325800 Uncommon trap: reason=unstable_if action=reinterpret pc=0x000000000257157c method=org.objectweb.asm.MethodWriter.<init>(Lorg/objectweb/asm/SymbolTable;ILjava/lang/String;Ljava/lang/String;Ljava/lang/String;[Ljava/lang/String;I)V @ 94
Event: 23.861 Thread 0x0000000019325800 Uncommon trap: reason=class_check action=maybe_recompile pc=0x00000000021a2a78 method=org.objectweb.asm.commons.GeneratorAdapter.returnValue()V @ 14
Event: 23.862 Thread 0x0000000019325800 Uncommon trap: reason=class_check action=maybe_recompile pc=0x00000000021a2a78 method=org.objectweb.asm.commons.GeneratorAdapter.returnValue()V @ 14
Event: 23.865 Thread 0x0000000019325800 Uncommon trap: reason=class_check action=maybe_recompile pc=0x00000000021a2a78 method=org.objectweb.asm.commons.GeneratorAdapter.returnValue()V @ 14
Event: 23.865 Thread 0x0000000019325800 Uncommon trap: reason=class_check action=maybe_recompile pc=0x00000000021a2a78 method=org.objectweb.asm.commons.GeneratorAdapter.returnValue()V @ 14
Event: 23.875 Thread 0x0000000019325800 Uncommon trap: reason=class_check action=maybe_recompile pc=0x00000000024ef128 method=java.util.TreeMap.getEntry(Ljava/lang/Object;)Ljava/util/TreeMap$Entry; @ 26

Classes redefined (0 events):
No events

Internal exceptions (10 events):
Event: 15.345 Thread 0x0000000019325800 Exception <a 'java/security/PrivilegedActionException'> (0x00000000ddbfc298) thrown at [D:\src\AOSP-openjdk-cygwin\jdk8u\hotspot\src\share\vm\prims\jvm.cpp, line 1390]
Event: 17.319 Thread 0x0000000019325800 Implicit null exception at 0x0000000002abd1ff to 0x0000000002abf0a7
Event: 17.319 Thread 0x0000000019325800 Implicit null exception at 0x0000000002aafb03 to 0x0000000002aafe59
Event: 20.348 Thread 0x0000000019325800 Implicit null exception at 0x0000000002305338 to 0x0000000002305d11
Event: 20.364 Thread 0x0000000019325800 Implicit null exception at 0x00000000022b8556 to 0x00000000022b88f1
Event: 20.364 Thread 0x0000000019325800 Implicit null exception at 0x0000000002299896 to 0x0000000002299c2d
Event: 20.369 Thread 0x0000000019325800 Implicit null exception at 0x00000000024c87a6 to 0x00000000024c99f5
Event: 20.401 Thread 0x0000000019325800 Implicit null exception at 0x0000000002b0b80d to 0x0000000002b0d96d
Event: 22.694 Thread 0x0000000019325800 Implicit null exception at 0x00000000023b8c78 to 0x00000000023b8d81
Event: 23.860 Thread 0x0000000019325800 Implicit null exception at 0x0000000002570d0f to 0x000000000257156a

Events (10 events):
Event: 24.046 loading class org/robolectric/shadows/ShadowApplicationPackageManager
Event: 24.046 loading class org/robolectric/shadows/ShadowApplicationPackageManager done
Event: 24.064 loading class org/robolectric/shadows/ShadowPackageManager
Event: 24.064 loading class org/robolectric/shadows/ShadowPackageManager done
Event: 24.075 loading class com/google/common/collect/Multimap
Event: 24.075 loading class com/google/common/collect/Multimap done
Event: 24.086 loading class android/content/pm/PackageInfo
Event: 24.086 loading class android/content/pm/PackageInfo done
Event: 24.089 loading class android/content/pm/IPackageDataObserver
Event: 24.089 loading class android/content/pm/IPackageDataObserver done


Dynamic libraries:
0x00007ff7ce320000 - 0x00007ff7ce351000 	C:\Program Files\Android\Android Studio\jre\bin\java.exe
0x00007ffb6c110000 - 0x00007ffb6c2bd000 	C:\windows\SYSTEM32\ntdll.dll
0x00007ffb69bc0000 - 0x00007ffb69cfe000 	C:\windows\system32\KERNEL32.DLL
0x00007ffb69310000 - 0x00007ffb69425000 	C:\windows\system32\KERNELBASE.dll
0x00007ffb6a660000 - 0x00007ffb6a70a000 	C:\windows\system32\ADVAPI32.dll
0x00007ffb69e50000 - 0x00007ffb69fc7000 	C:\windows\system32\USER32.dll
0x00007ffb66eb0000 - 0x00007ffb6712b000 	C:\windows\WinSxS\amd64_microsoft.windows.common-controls_6595b64144ccf1df_6.0.9600.18006_none_623f33d3ecbe86e8\COMCTL32.dll
0x00007ffb6bd50000 - 0x00007ffb6bdfa000 	C:\windows\system32\msvcrt.dll
0x00007ffb6c0b0000 - 0x00007ffb6c109000 	C:\windows\SYSTEM32\sechost.dll
0x00007ffb6be10000 - 0x00007ffb6bf50000 	C:\windows\system32\RPCRT4.dll
0x00007ffb69d00000 - 0x00007ffb69e4b000 	C:\windows\system32\GDI32.dll
0x00007ffb69480000 - 0x00007ffb694ae000 	C:\windows\system32\SspiCli.dll
0x00007ffb6bc50000 - 0x00007ffb6bc86000 	C:\windows\system32\IMM32.DLL
0x00007ffb6bf50000 - 0x00007ffb6c0a2000 	C:\windows\system32\MSCTF.dll
0x00000000599a0000 - 0x0000000059a72000 	C:\Program Files\Android\Android Studio\jre\jre\bin\msvcr100.dll
0x0000000059a80000 - 0x000000005a2c1000 	C:\Program Files\Android\Android Studio\jre\jre\bin\server\jvm.dll
0x00007ffb60a80000 - 0x00007ffb60a89000 	C:\windows\SYSTEM32\WSOCK32.dll
0x00007ffb60b20000 - 0x00007ffb60b42000 	C:\windows\SYSTEM32\WINMM.dll
0x00007ffb61160000 - 0x00007ffb6116a000 	C:\windows\SYSTEM32\VERSION.dll
0x00007ffb698d0000 - 0x00007ffb698d7000 	C:\windows\system32\PSAPI.DLL
0x00007ffb6a220000 - 0x00007ffb6a27a000 	C:\windows\system32\WS2_32.dll
0x00007ffb60af0000 - 0x00007ffb60b1a000 	C:\windows\SYSTEM32\WINMMBASE.dll
0x00007ffb6a430000 - 0x00007ffb6a439000 	C:\windows\system32\NSI.dll
0x00007ffb69430000 - 0x00007ffb6947f000 	C:\windows\SYSTEM32\cfgmgr32.dll
0x00007ffb68060000 - 0x00007ffb68088000 	C:\windows\SYSTEM32\DEVOBJ.dll
0x00007ffb5ea60000 - 0x00007ffb5ea6f000 	C:\Program Files\Android\Android Studio\jre\jre\bin\verify.dll
0x00007ffb5dc60000 - 0x00007ffb5dc89000 	C:\Program Files\Android\Android Studio\jre\jre\bin\java.dll
0x00007ffb5e540000 - 0x00007ffb5e556000 	C:\Program Files\Android\Android Studio\jre\jre\bin\zip.dll
0x00007ffb6a720000 - 0x00007ffb6bc49000 	C:\windows\system32\SHELL32.dll
0x00007ffb698e0000 - 0x00007ffb69af2000 	C:\windows\SYSTEM32\combase.dll
0x00007ffb6a600000 - 0x00007ffb6a654000 	C:\windows\system32\SHLWAPI.dll
0x00007ffb677d0000 - 0x00007ffb67882000 	C:\windows\SYSTEM32\SHCORE.dll
0x00007ffb69240000 - 0x00007ffb69255000 	C:\windows\SYSTEM32\profapi.dll
0x00007ffb5d9a0000 - 0x00007ffb5d9ba000 	C:\Program Files\Android\Android Studio\jre\jre\bin\net.dll
0x00007ffb68b70000 - 0x00007ffb68bc9000 	C:\windows\system32\mswsock.dll
0x00007ffb5d980000 - 0x00007ffb5d991000 	C:\Program Files\Android\Android Studio\jre\jre\bin\nio.dll
0x00007ffb68bd0000 - 0x00007ffb68bf0000 	C:\windows\SYSTEM32\CRYPTSP.dll
0x00007ffb686a0000 - 0x00007ffb686d6000 	C:\windows\system32\rsaenh.dll
0x00007ffb68d20000 - 0x00007ffb68d46000 	C:\windows\SYSTEM32\bcrypt.dll
0x00007ffb68820000 - 0x00007ffb68841000 	C:\windows\SYSTEM32\USERENV.dll
0x00007ffb69040000 - 0x00007ffb690a3000 	C:\windows\system32\bcryptprimitives.dll
0x00007ffb690b0000 - 0x00007ffb690bb000 	C:\windows\SYSTEM32\CRYPTBASE.dll
0x00007ffb63e00000 - 0x00007ffb63e2a000 	C:\windows\SYSTEM32\IPHLPAPI.DLL
0x00007ffb63de0000 - 0x00007ffb63dea000 	C:\windows\SYSTEM32\WINNSI.DLL
0x00007ffb63850000 - 0x00007ffb63866000 	C:\windows\SYSTEM32\dhcpcsvc6.DLL
0x00007ffb63a50000 - 0x00007ffb63a6a000 	C:\windows\SYSTEM32\dhcpcsvc.DLL
0x00007ffb579a0000 - 0x00007ffb579c4000 	C:\Program Files\Android\Android Studio\jre\jre\bin\sunec.dll
0x00007ffb5e580000 - 0x00007ffb5e58b000 	C:\Program Files\Android\Android Studio\jre\jre\bin\sunmscapi.dll
0x00007ffb69510000 - 0x00007ffb696ef000 	C:\windows\system32\CRYPT32.dll
0x00007ffb692f0000 - 0x00007ffb69301000 	C:\windows\system32\MSASN1.dll

VM Arguments:
jvm_args: -Djava.awt.headless=true -Djava.security.manager=worker.org.gradle.process.internal.worker.child.BootstrapSecurityManager -Dorg.gradle.native=false -Dfile.encoding=GBK -Duser.country=CN -Duser.language=zh -Duser.variant -ea 
java_command: worker.org.gradle.process.internal.worker.GradleWorkerMain 'Gradle Test Executor 1'
java_class_path (initial): C:\Users\Oscar\.gradle\caches\4.10.1\workerMain\gradle-worker.jar
Launcher Type: SUN_STANDARD

Environment Variables:
PATH=C:\Program Files (x86)\Common Files\Oracle\Java\javapath;C:\ProgramData\Oracle\Java\javapath;C:\windows\system32;C:\windows;C:\windows\System32\Wbem;C:\windows\System32\WindowsPowerShell\v1.0\;C:\Program Files (x86)\QuickTime\QTSystem\;C:\Program Files\Git\cmd;C:\Users\Oscar\AppData\Local\GitHubDesktop\bin
USERNAME=Oscar
OS=Windows_NT
PROCESSOR_IDENTIFIER=Intel64 Family 6 Model 69 Stepping 1, GenuineIntel



---------------  S Y S T E M  ---------------

OS: Windows 8.1 , 64 bit Build 9600 (6.3.9600.17415)

CPU:total 4 (initial active 4) (2 cores per cpu, 2 threads per core) family 6 model 69 stepping 1, cmov, cx8, fxsr, mmx, sse, sse2, sse3, ssse3, sse4.1, sse4.2, popcnt, avx, avx2, aes, clmul, erms, lzcnt, ht, tsc, tscinvbit, bmi1, bmi2

Memory: 4k page, physical 8291400k(71192k free), swap 16727184k(9904k free)

vm_info: OpenJDK 64-Bit Server VM (25.152-b01) for windows-amd64 JRE (1.8.0_152-release-1248-b01), built by "builder" with MS VC++ 10.0 (VS2010)

time: Mon Feb 25 16:56:40 2019
elapsed time: 24 seconds (0d 0h 0m 24s)

