#
# There is insufficient memory for the Java Runtime Environment to continue.
# Native memory allocation (malloc) failed to allocate 889936 bytes for Chunk::new
# Possible reasons:
#   The system is out of physical RAM or swap space
#   In 32 bit mode, the process size limit was hit
# Possible solutions:
#   Reduce memory load on the system
#   Increase physical memory or swap space
#   Check if swap backing store is full
#   Use 64 bit Java on a 64 bit OS
#   Decrease Java heap size (-Xmx/-Xms)
#   Decrease number of Java threads
#   Decrease Java thread stack sizes (-Xss)
#   Set larger code cache with -XX:ReservedCodeCacheSize=
# This output file may be truncated or incomplete.
#
#  Out of Memory Error (allocation.cpp:390), pid=22336, tid=0x0000000000006864
#
# JRE version: OpenJDK Runtime Environment (8.0_152-b01) (build 1.8.0_152-release-1248-b01)
# Java VM: OpenJDK 64-Bit Server VM (25.152-b01 mixed mode windows-amd64 compressed oops)
# Failed to write core dump. Minidumps are not enabled by default on client versions of Windows
#

---------------  T H R E A D  ---------------

Current thread (0x00000000170e5800):  JavaThread "C2 CompilerThread0" daemon [_thread_in_native, id=26724, stack(0x0000000018b30000,0x0000000018c30000)]

Stack: [0x0000000018b30000,0x0000000018c30000]
[error occurred during error reporting (printing stack bounds), id 0xc0000005]

Native frames: (J=compiled Java code, j=interpreted, Vv=VM code, C=native code)


Current CompileTask:
C2:  17505 5692       4       org.objectweb.asm.Frame::execute (2318 bytes)


---------------  P R O C E S S  ---------------

Java Threads: ( => current thread )
  0x000000001bfe3800 JavaThread "Java2D Disposer" daemon [_thread_blocked, id=28336, stack(0x000000001cd20000,0x000000001ce20000)]
  0x0000000018515000 JavaThread "Service Thread" daemon [_thread_blocked, id=24644, stack(0x0000000018e30000,0x0000000018f30000)]
  0x00000000170e3000 JavaThread "C1 CompilerThread2" daemon [_thread_blocked, id=31904, stack(0x0000000018d30000,0x0000000018e30000)]
  0x00000000170e2000 JavaThread "C2 CompilerThread1" daemon [_thread_in_native, id=26060, stack(0x0000000018c30000,0x0000000018d30000)]
=>0x00000000170e5800 JavaThread "C2 CompilerThread0" daemon [_thread_in_native, id=26724, stack(0x0000000018b30000,0x0000000018c30000)]
  0x00000000170c6000 JavaThread "Monitor Ctrl-Break" daemon [_thread_in_native, id=32644, stack(0x0000000018a30000,0x0000000018b30000)]
  0x0000000018473800 JavaThread "Attach Listener" daemon [_thread_blocked, id=35832, stack(0x0000000018930000,0x0000000018a30000)]
  0x00000000170a5800 JavaThread "Signal Dispatcher" daemon [_thread_blocked, id=35416, stack(0x0000000018830000,0x0000000018930000)]
  0x000000001707e800 JavaThread "Finalizer" daemon [_thread_blocked, id=28656, stack(0x00000000182e0000,0x00000000183e0000)]
  0x0000000002379000 JavaThread "Reference Handler" daemon [_thread_blocked, id=5344, stack(0x00000000181e0000,0x00000000182e0000)]
  0x0000000002283800 JavaThread "main" [_thread_in_Java, id=35568, stack(0x0000000001e60000,0x0000000001f60000)]

Other Threads:
  0x0000000017056800 VMThread [stack: 0x00000000180e0000,0x00000000181e0000] [id=35600]
  0x0000000018517000 WatcherThread [stack: 0x0000000018f30000,0x0000000019030000] [id=2776]

VM state:not at safepoint (normal execution)

VM Mutex/Monitor currently owned by a thread: None

Heap:
 PSYoungGen      total 426496K, used 117448K [0x00000000d5d00000, 0x00000000f4400000, 0x0000000100000000)
  eden space 389120K, 26% used [0x00000000d5d00000,0x00000000dc1efb28,0x00000000ed900000)
  from space 37376K, 37% used [0x00000000f1f80000,0x00000000f2d42570,0x00000000f4400000)
  to   space 38912K, 0% used [0x00000000ed900000,0x00000000ed900000,0x00000000eff00000)
 ParOldGen       total 139776K, used 76207K [0x0000000081600000, 0x0000000089e80000, 0x00000000d5d00000)
  object space 139776K, 54% used [0x0000000081600000,0x000000008606bdc0,0x0000000089e80000)
 Metaspace       used 47568K, capacity 52202K, committed 52392K, reserved 1095680K
  class space    used 5252K, capacity 6812K, committed 6824K, reserved 1048576K

Card table byte_map: [0x00000000118f0000,0x0000000011cf0000] byte_map_base: 0x00000000114e5000

Marking Bits: (ParMarkBitMap*) 0x000000005a245aa0
 Begin Bits: [0x00000000123a0000, 0x0000000014348000)
 End Bits:   [0x0000000014348000, 0x00000000162f0000)

Polling page: 0x0000000001f70000

CodeCache: size=245760Kb used=14263Kb max_used=15109Kb free=231496Kb
 bounds [0x0000000002530000, 0x0000000003400000, 0x0000000011530000]
 total_blobs=5400 nmethods=4435 adapters=878
 compilation: enabled

Compilation events (10 events):
Event: 17.490 Thread 0x00000000170e3000 nmethod 5740 0x0000000002784e90 code [0x0000000002785080, 0x0000000002785d68]
Event: 17.492 Thread 0x00000000170e3000 5741   !   3       java.lang.invoke.LambdaForm$MH/461160828::guardWithCatch (79 bytes)
Event: 17.493 Thread 0x00000000170e3000 nmethod 5741 0x0000000002c78a50 code [0x0000000002c78c20, 0x0000000002c797c8]
Event: 17.493 Thread 0x00000000170e3000 5743       3       java.lang.invoke.LambdaForm$MH/1534745514::exactInvoker (51 bytes)
Event: 17.494 Thread 0x00000000170e3000 nmethod 5743 0x0000000002b26fd0 code [0x0000000002b271c0, 0x0000000002b27ea8]
Event: 17.494 Thread 0x00000000170e3000 5742       1       org.robolectric.res.AttrData$Pair::access$100 (5 bytes)
Event: 17.494 Thread 0x00000000170e3000 nmethod 5742 0x0000000002a3bf50 code [0x0000000002a3c0a0, 0x0000000002a3c190]
Event: 17.495 Thread 0x00000000170e3000 5744   !   3       java.lang.invoke.LambdaForm$MH/1048855692::guardWithCatch (79 bytes)
Event: 17.495 Thread 0x00000000170e3000 nmethod 5744 0x0000000002c4b250 code [0x0000000002c4b400, 0x0000000002c4be68]
Event: 17.495 Thread 0x00000000170e3000 5745       3       android.util.ArrayMap::$$robo$init (18 bytes)

GC Heap History (10 events):
Event: 9.209 GC heap before
{Heap before GC invocations=10 (full 1):
 PSYoungGen      total 289792K, used 27632K [0x00000000d5d00000, 0x00000000f4500000, 0x0000000100000000)
  eden space 262144K, 0% used [0x00000000d5d00000,0x00000000d5d00000,0x00000000e5d00000)
  from space 27648K, 99% used [0x00000000e5d00000,0x00000000e77fc010,0x00000000e7800000)
  to   space 39936K, 0% used [0x00000000f1e00000,0x00000000f1e00000,0x00000000f4500000)
 ParOldGen       total 87552K, used 54600K [0x0000000081600000, 0x0000000086b80000, 0x00000000d5d00000)
  object space 87552K, 62% used [0x0000000081600000,0x0000000084b520e8,0x0000000086b80000)
 Metaspace       used 20350K, capacity 21154K, committed 21296K, reserved 1069056K
  class space    used 2056K, capacity 2381K, committed 2432K, reserved 1048576K
Event: 9.525 GC heap after
Heap after GC invocations=10 (full 1):
 PSYoungGen      total 289792K, used 0K [0x00000000d5d00000, 0x00000000f4500000, 0x0000000100000000)
  eden space 262144K, 0% used [0x00000000d5d00000,0x00000000d5d00000,0x00000000e5d00000)
  from space 27648K, 0% used [0x00000000e5d00000,0x00000000e5d00000,0x00000000e7800000)
  to   space 39936K, 0% used [0x00000000f1e00000,0x00000000f1e00000,0x00000000f4500000)
 ParOldGen       total 139776K, used 70844K [0x0000000081600000, 0x0000000089e80000, 0x00000000d5d00000)
  object space 139776K, 50% used [0x0000000081600000,0x0000000085b2f050,0x0000000089e80000)
 Metaspace       used 20350K, capacity 21154K, committed 21296K, reserved 1069056K
  class space    used 2056K, capacity 2381K, committed 2432K, reserved 1048576K
}
Event: 11.184 GC heap before
{Heap before GC invocations=11 (full 1):
 PSYoungGen      total 289792K, used 262144K [0x00000000d5d00000, 0x00000000f4500000, 0x0000000100000000)
  eden space 262144K, 100% used [0x00000000d5d00000,0x00000000e5d00000,0x00000000e5d00000)
  from space 27648K, 0% used [0x00000000e5d00000,0x00000000e5d00000,0x00000000e7800000)
  to   space 39936K, 0% used [0x00000000f1e00000,0x00000000f1e00000,0x00000000f4500000)
 ParOldGen       total 139776K, used 70844K [0x0000000081600000, 0x0000000089e80000, 0x00000000d5d00000)
  object space 139776K, 50% used [0x0000000081600000,0x0000000085b2f050,0x0000000089e80000)
 Metaspace       used 26622K, capacity 28074K, committed 28288K, reserved 1075200K
  class space    used 2588K, capacity 3108K, committed 3200K, reserved 1048576K
Event: 11.196 GC heap after
Heap after GC invocations=11 (full 1):
 PSYoungGen      total 343552K, used 7114K [0x00000000d5d00000, 0x00000000f2500000, 0x0000000100000000)
  eden space 336384K, 0% used [0x00000000d5d00000,0x00000000d5d00000,0x00000000ea580000)
  from space 7168K, 99% used [0x00000000f1e00000,0x00000000f24f2a10,0x00000000f2500000)
  to   space 38912K, 0% used [0x00000000ed900000,0x00000000ed900000,0x00000000eff00000)
 ParOldGen       total 139776K, used 70852K [0x0000000081600000, 0x0000000089e80000, 0x00000000d5d00000)
  object space 139776K, 50% used [0x0000000081600000,0x0000000085b31050,0x0000000089e80000)
 Metaspace       used 26622K, capacity 28074K, committed 28288K, reserved 1075200K
  class space    used 2588K, capacity 3108K, committed 3200K, reserved 1048576K
}
Event: 12.973 GC heap before
{Heap before GC invocations=12 (full 1):
 PSYoungGen      total 343552K, used 301249K [0x00000000d5d00000, 0x00000000f2500000, 0x0000000100000000)
  eden space 336384K, 87% used [0x00000000d5d00000,0x00000000e7c3dda0,0x00000000ea580000)
  from space 7168K, 99% used [0x00000000f1e00000,0x00000000f24f2a10,0x00000000f2500000)
  to   space 38912K, 0% used [0x00000000ed900000,0x00000000ed900000,0x00000000eff00000)
 ParOldGen       total 139776K, used 70852K [0x0000000081600000, 0x0000000089e80000, 0x00000000d5d00000)
  object space 139776K, 50% used [0x0000000081600000,0x0000000085b31050,0x0000000089e80000)
 Metaspace       used 33342K, capacity 35483K, committed 35496K, reserved 1081344K
  class space    used 3243K, capacity 3997K, committed 4008K, reserved 1048576K
Event: 12.997 GC heap after
Heap after GC invocations=12 (full 1):
 PSYoungGen      total 428032K, used 10853K [0x00000000d5d00000, 0x00000000f4400000, 0x0000000100000000)
  eden space 389120K, 0% used [0x00000000d5d00000,0x00000000d5d00000,0x00000000ed900000)
  from space 38912K, 27% used [0x00000000ed900000,0x00000000ee3997a8,0x00000000eff00000)
  to   space 37376K, 0% used [0x00000000f1f80000,0x00000000f1f80000,0x00000000f4400000)
 ParOldGen       total 139776K, used 70852K [0x0000000081600000, 0x0000000089e80000, 0x00000000d5d00000)
  object space 139776K, 50% used [0x0000000081600000,0x0000000085b31050,0x0000000089e80000)
 Metaspace       used 33342K, capacity 35483K, committed 35496K, reserved 1081344K
  class space    used 3243K, capacity 3997K, committed 4008K, reserved 1048576K
}
Event: 12.997 GC heap before
{Heap before GC invocations=13 (full 2):
 PSYoungGen      total 428032K, used 10853K [0x00000000d5d00000, 0x00000000f4400000, 0x0000000100000000)
  eden space 389120K, 0% used [0x00000000d5d00000,0x00000000d5d00000,0x00000000ed900000)
  from space 38912K, 27% used [0x00000000ed900000,0x00000000ee3997a8,0x00000000eff00000)
  to   space 37376K, 0% used [0x00000000f1f80000,0x00000000f1f80000,0x00000000f4400000)
 ParOldGen       total 139776K, used 70852K [0x0000000081600000, 0x0000000089e80000, 0x00000000d5d00000)
  object space 139776K, 50% used [0x0000000081600000,0x0000000085b31050,0x0000000089e80000)
 Metaspace       used 33342K, capacity 35483K, committed 35496K, reserved 1081344K
  class space    used 3243K, capacity 3997K, committed 4008K, reserved 1048576K
Event: 13.260 GC heap after
Heap after GC invocations=13 (full 2):
 PSYoungGen      total 428032K, used 0K [0x00000000d5d00000, 0x00000000f4400000, 0x0000000100000000)
  eden space 389120K, 0% used [0x00000000d5d00000,0x00000000d5d00000,0x00000000ed900000)
  from space 38912K, 0% used [0x00000000ed900000,0x00000000ed900000,0x00000000eff00000)
  to   space 37376K, 0% used [0x00000000f1f80000,0x00000000f1f80000,0x00000000f4400000)
 ParOldGen       total 139776K, used 76199K [0x0000000081600000, 0x0000000089e80000, 0x00000000d5d00000)
  object space 139776K, 54% used [0x0000000081600000,0x0000000086069dc0,0x0000000089e80000)
 Metaspace       used 33342K, capacity 35483K, committed 35496K, reserved 1081344K
  class space    used 3243K, capacity 3997K, committed 4008K, reserved 1048576K
}
Event: 16.498 GC heap before
{Heap before GC invocations=14 (full 2):
 PSYoungGen      total 428032K, used 389120K [0x00000000d5d00000, 0x00000000f4400000, 0x0000000100000000)
  eden space 389120K, 100% used [0x00000000d5d00000,0x00000000ed900000,0x00000000ed900000)
  from space 38912K, 0% used [0x00000000ed900000,0x00000000ed900000,0x00000000eff00000)
  to   space 37376K, 0% used [0x00000000f1f80000,0x00000000f1f80000,0x00000000f4400000)
 ParOldGen       total 139776K, used 76199K [0x0000000081600000, 0x0000000089e80000, 0x00000000d5d00000)
  object space 139776K, 54% used [0x0000000081600000,0x0000000086069dc0,0x0000000089e80000)
 Metaspace       used 45281K, capacity 49468K, committed 49704K, reserved 1093632K
  class space    used 4969K, capacity 6387K, committed 6440K, reserved 1048576K
Event: 16.523 GC heap after
Heap after GC invocations=14 (full 2):
 PSYoungGen      total 426496K, used 14089K [0x00000000d5d00000, 0x00000000f4400000, 0x0000000100000000)
  eden space 389120K, 0% used [0x00000000d5d00000,0x00000000d5d00000,0x00000000ed900000)
  from space 37376K, 37% used [0x00000000f1f80000,0x00000000f2d42570,0x00000000f4400000)
  to   space 38912K, 0% used [0x00000000ed900000,0x00000000ed900000,0x00000000eff00000)
 ParOldGen       total 139776K, used 76207K [0x0000000081600000, 0x0000000089e80000, 0x00000000d5d00000)
  object space 139776K, 54% used [0x0000000081600000,0x000000008606bdc0,0x0000000089e80000)
 Metaspace       used 45281K, capacity 49468K, committed 49704K, reserved 1093632K
  class space    used 4969K, capacity 6387K, committed 6440K, reserved 1048576K
}

Deoptimization events (10 events):
Event: 16.579 Thread 0x0000000002283800 Uncommon trap: reason=unstable_if action=reinterpret pc=0x000000000286d958 method=java.lang.reflect.Method.equals(Ljava/lang/Object;)Z @ 49
Event: 16.588 Thread 0x0000000002283800 Uncommon trap: reason=unstable_if action=reinterpret pc=0x0000000002c07510 method=java.lang.reflect.Method.equals(Ljava/lang/Object;)Z @ 49
Event: 16.593 Thread 0x0000000002283800 Uncommon trap: reason=unstable_if action=reinterpret pc=0x000000000331e2e0 method=org.objectweb.asm.Type.appendDescriptor(Ljava/lang/Class;Ljava/lang/StringBuilder;)V @ 87
Event: 16.672 Thread 0x0000000002283800 Uncommon trap: reason=unstable_if action=reinterpret pc=0x0000000002dff3b0 method=com.sun.org.apache.xerces.internal.impl.XMLEntityScanner.skipSpaces()Z @ 85
Event: 16.672 Thread 0x0000000002283800 Uncommon trap: reason=unstable_if action=reinterpret pc=0x0000000002e3f1ec method=com.sun.org.apache.xerces.internal.impl.XMLEntityScanner.peekChar()I @ 51
Event: 16.672 Thread 0x0000000002283800 Uncommon trap: reason=unstable_if action=reinterpret pc=0x0000000002e2724c method=com.sun.org.apache.xerces.internal.impl.XMLEntityScanner.scanContent(Lcom/sun/org/apache/xerces/internal/xni/XMLString;)I @ 127
Event: 16.673 Thread 0x0000000002283800 Uncommon trap: reason=unstable_if action=reinterpret pc=0x00000000030e7e2c method=com.sun.org.apache.xerces.internal.util.XMLAttributesImpl.checkDuplicatesNS()Lcom/sun/org/apache/xerces/internal/xni/QName; @ 63
Event: 16.835 Thread 0x0000000002283800 Uncommon trap: reason=unstable_if action=reinterpret pc=0x00000000027cb910 method=com.google.common.collect.HashBiMap.seekByValue(Ljava/lang/Object;I)Lcom/google/common/collect/HashBiMap$BiEntry; @ 21
Event: 16.958 Thread 0x0000000002283800 Uncommon trap: reason=unstable_if action=reinterpret pc=0x00000000031412f8 method=com.google.common.collect.HashBiMap.seekByValue(Ljava/lang/Object;I)Lcom/google/common/collect/HashBiMap$BiEntry; @ 21
Event: 17.368 Thread 0x0000000002283800 Uncommon trap: reason=unstable_if action=reinterpret pc=0x000000000292c340 method=org.objectweb.asm.Frame.execute(IILorg/objectweb/asm/Symbol;Lorg/objectweb/asm/SymbolTable;)V @ 1344

Classes redefined (0 events):
No events

Internal exceptions (10 events):
Event: 8.494 Thread 0x0000000002283800 Implicit null exception at 0x0000000002ed79ff to 0x0000000002ed9f3d
Event: 10.072 Thread 0x0000000002283800 Exception <a 'java/io/FileNotFoundException'> (0x00000000da71d058) thrown at [D:\src\AOSP-openjdk-cygwin\jdk8u\hotspot\src\share\vm\prims\jni.cpp, line 709]
Event: 10.357 Thread 0x0000000002283800 Exception <a 'java/lang/NoSuchFieldError': method resolution failed> (0x00000000dbc70910) thrown at [D:\src\AOSP-openjdk-cygwin\jdk8u\hotspot\src\share\vm\prims\methodHandles.cpp, line 1167]
Event: 11.742 Thread 0x0000000002283800 Exception <a 'sun/nio/fs/WindowsException'> (0x00000000d98f9d60) thrown at [D:\src\AOSP-openjdk-cygwin\jdk8u\hotspot\src\share\vm\prims\jni.cpp, line 709]
Event: 12.576 Thread 0x0000000002283800 Exception <a 'java/lang/NoSuchFieldError': method resolution failed> (0x00000000e409a278) thrown at [D:\src\AOSP-openjdk-cygwin\jdk8u\hotspot\src\share\vm\prims\methodHandles.cpp, line 1167]
Event: 14.220 Thread 0x0000000002283800 Exception <a 'java/lang/NoSuchFieldError': method resolution failed> (0x00000000ddd8fe10) thrown at [D:\src\AOSP-openjdk-cygwin\jdk8u\hotspot\src\share\vm\prims\methodHandles.cpp, line 1167]
Event: 14.814 Thread 0x0000000002283800 Exception <a 'java/lang/NoSuchFieldError': method resolution failed> (0x00000000e2ab93a0) thrown at [D:\src\AOSP-openjdk-cygwin\jdk8u\hotspot\src\share\vm\prims\methodHandles.cpp, line 1167]
Event: 15.986 Thread 0x0000000002283800 Exception <a 'java/io/FileNotFoundException'> (0x00000000ea83f848) thrown at [D:\src\AOSP-openjdk-cygwin\jdk8u\hotspot\src\share\vm\prims\jni.cpp, line 709]
Event: 16.075 Thread 0x0000000002283800 Exception <a 'java/lang/NoSuchFieldError': method resolution failed> (0x00000000eaa82838) thrown at [D:\src\AOSP-openjdk-cygwin\jdk8u\hotspot\src\share\vm\prims\methodHandles.cpp, line 1167]
Event: 16.096 Thread 0x0000000002283800 Implicit null exception at 0x0000000002767255 to 0x0000000002767425

Events (10 events):
Event: 17.484 loading class android/content/Context
Event: 17.484 loading class android/content/Context done
Event: 17.484 loading class android/support/v7/widget/AppCompatButton
Event: 17.484 loading class android/support/v7/widget/AppCompatButton done
Event: 17.486 loading class android/content/Context
Event: 17.486 loading class android/content/Context done
Event: 17.486 loading class android/support/v7/widget/AppCompatButton
Event: 17.486 loading class android/support/v7/widget/AppCompatButton done
Event: 17.494 loading class android/content/res/Resources$ThemeKey
Event: 17.494 loading class android/content/res/Resources$ThemeKey done


Dynamic libraries:
0x00007ff7f28b0000 - 0x00007ff7f28e1000 	C:\Program Files\Android\Android Studio\jre\bin\java.exe
0x00007ffb6c110000 - 0x00007ffb6c2bd000 	C:\windows\SYSTEM32\ntdll.dll
0x00007ffb69bc0000 - 0x00007ffb69cfe000 	C:\windows\system32\KERNEL32.DLL
0x00007ffb69310000 - 0x00007ffb69425000 	C:\windows\system32\KERNELBASE.dll
0x00007ffb6a660000 - 0x00007ffb6a70a000 	C:\windows\system32\ADVAPI32.dll
0x00007ffb69e50000 - 0x00007ffb69fc7000 	C:\windows\system32\USER32.dll
0x00007ffb66eb0000 - 0x00007ffb6712b000 	C:\windows\WinSxS\amd64_microsoft.windows.common-controls_6595b64144ccf1df_6.0.9600.18006_none_623f33d3ecbe86e8\COMCTL32.dll
0x00007ffb6bd50000 - 0x00007ffb6bdfa000 	C:\windows\system32\msvcrt.dll
0x00007ffb6c0b0000 - 0x00007ffb6c109000 	C:\windows\SYSTEM32\sechost.dll
0x00007ffb6be10000 - 0x00007ffb6bf50000 	C:\windows\system32\RPCRT4.dll
0x00007ffb69d00000 - 0x00007ffb69e4b000 	C:\windows\system32\GDI32.dll
0x00007ffb69480000 - 0x00007ffb694ae000 	C:\windows\system32\SspiCli.dll
0x00007ffb6bc50000 - 0x00007ffb6bc86000 	C:\windows\system32\IMM32.DLL
0x00007ffb6bf50000 - 0x00007ffb6c0a2000 	C:\windows\system32\MSCTF.dll
0x00000000599a0000 - 0x0000000059a72000 	C:\Program Files\Android\Android Studio\jre\jre\bin\msvcr100.dll
0x0000000059a80000 - 0x000000005a2c1000 	C:\Program Files\Android\Android Studio\jre\jre\bin\server\jvm.dll
0x00007ffb60a80000 - 0x00007ffb60a89000 	C:\windows\SYSTEM32\WSOCK32.dll
0x00007ffb60b20000 - 0x00007ffb60b42000 	C:\windows\SYSTEM32\WINMM.dll
0x00007ffb61160000 - 0x00007ffb6116a000 	C:\windows\SYSTEM32\VERSION.dll
0x00007ffb698d0000 - 0x00007ffb698d7000 	C:\windows\system32\PSAPI.DLL
0x00007ffb6a220000 - 0x00007ffb6a27a000 	C:\windows\system32\WS2_32.dll
0x00007ffb60af0000 - 0x00007ffb60b1a000 	C:\windows\SYSTEM32\WINMMBASE.dll
0x00007ffb6a430000 - 0x00007ffb6a439000 	C:\windows\system32\NSI.dll
0x00007ffb69430000 - 0x00007ffb6947f000 	C:\windows\SYSTEM32\cfgmgr32.dll
0x00007ffb68060000 - 0x00007ffb68088000 	C:\windows\SYSTEM32\DEVOBJ.dll
0x00007ffb5e7b0000 - 0x00007ffb5e7bf000 	C:\Program Files\Android\Android Studio\jre\jre\bin\verify.dll
0x00007ffb5e0a0000 - 0x00007ffb5e0c9000 	C:\Program Files\Android\Android Studio\jre\jre\bin\java.dll
0x00007ffb5d1b0000 - 0x00007ffb5d1d3000 	C:\Program Files\Android\Android Studio\jre\jre\bin\instrument.dll
0x00007ffb5e590000 - 0x00007ffb5e5a6000 	C:\Program Files\Android\Android Studio\jre\jre\bin\zip.dll
0x00007ffb6a720000 - 0x00007ffb6bc49000 	C:\windows\system32\SHELL32.dll
0x00007ffb698e0000 - 0x00007ffb69af2000 	C:\windows\SYSTEM32\combase.dll
0x00007ffb6a600000 - 0x00007ffb6a654000 	C:\windows\system32\SHLWAPI.dll
0x00007ffb677d0000 - 0x00007ffb67882000 	C:\windows\SYSTEM32\SHCORE.dll
0x00007ffb69240000 - 0x00007ffb69255000 	C:\windows\SYSTEM32\profapi.dll
0x00007ffb5ce20000 - 0x00007ffb5ce3a000 	C:\Program Files\Android\Android Studio\bin\breakgen64.dll
0x00007ffb5e540000 - 0x00007ffb5e55a000 	C:\Program Files\Android\Android Studio\jre\jre\bin\net.dll
0x00007ffb68b70000 - 0x00007ffb68bc9000 	C:\windows\system32\mswsock.dll
0x00007ffb68bd0000 - 0x00007ffb68bf0000 	C:\windows\SYSTEM32\CRYPTSP.dll
0x00007ffb686a0000 - 0x00007ffb686d6000 	C:\windows\system32\rsaenh.dll
0x00007ffb68d20000 - 0x00007ffb68d46000 	C:\windows\SYSTEM32\bcrypt.dll
0x00007ffb68820000 - 0x00007ffb68841000 	C:\windows\SYSTEM32\USERENV.dll
0x00007ffb69040000 - 0x00007ffb690a3000 	C:\windows\system32\bcryptprimitives.dll
0x00007ffb690b0000 - 0x00007ffb690bb000 	C:\windows\SYSTEM32\CRYPTBASE.dll
0x00007ffb63e00000 - 0x00007ffb63e2a000 	C:\windows\SYSTEM32\IPHLPAPI.DLL
0x00007ffb63de0000 - 0x00007ffb63dea000 	C:\windows\SYSTEM32\WINNSI.DLL
0x00007ffb63850000 - 0x00007ffb63866000 	C:\windows\SYSTEM32\dhcpcsvc6.DLL
0x00007ffb63a50000 - 0x00007ffb63a6a000 	C:\windows\SYSTEM32\dhcpcsvc.DLL
0x00007ffb5d9a0000 - 0x00007ffb5d9b1000 	C:\Program Files\Android\Android Studio\jre\jre\bin\nio.dll
0x00007ffb5b7c0000 - 0x00007ffb5b7e4000 	C:\Program Files\Android\Android Studio\jre\jre\bin\sunec.dll
0x00007ffb5df40000 - 0x00007ffb5df4b000 	C:\Program Files\Android\Android Studio\jre\jre\bin\sunmscapi.dll
0x00007ffb69510000 - 0x00007ffb696ef000 	C:\windows\system32\CRYPT32.dll
0x00007ffb692f0000 - 0x00007ffb69301000 	C:\windows\system32\MSASN1.dll
0x00007ffb53660000 - 0x00007ffb537f7000 	C:\Program Files\Android\Android Studio\jre\jre\bin\awt.dll
0x00007ffb697a0000 - 0x00007ffb69866000 	C:\windows\system32\OLEAUT32.dll
0x00007ffb648d0000 - 0x00007ffb64d51000 	C:\windows\SYSTEM32\d2d1.dll
0x00007ffb67e00000 - 0x00007ffb67e8e000 	C:\windows\system32\apphelp.dll

VM Arguments:
jvm_args: -ea -Didea.test.cyclic.buffer.size=1048576 -javaagent:C:\Program Files\Android\Android Studio\lib\idea_rt.jar=54123:C:\Program Files\Android\Android Studio\bin -Dfile.encoding=UTF-8 
java_command: com.intellij.rt.execution.junit.JUnitStarter -ideVersion5 -junit4 edu.illinois.cs.cs125.spring2019.mp2.GameAppTest,testWinnerLabel
java_class_path (initial): C:\Program Files\Android\Android Studio\lib\idea_rt.jar;C:\Program Files\Android\Android Studio\plugins\junit\lib\junit-rt.jar;C:\Program Files\Android\Android Studio\plugins\junit\lib\junit5-rt.jar;C:\Users\Oscar\AppData\Local\Android\Sdk\platforms\android-28\data\res;C:\Users\Oscar\Documents\GitHub\MP2-Spring2019-ARBALEST2018\app\build\intermediates\javac\debugUnitTest\compileDebugUnitTestJavaWithJavac\classes;C:\Users\Oscar\Documents\GitHub\MP2-Spring2019-ARBALEST2018\app\build\intermediates\javac\debug\compileDebugJavaWithJavac\classes;C:\Users\Oscar\Documents\GitHub\MP2-Spring2019-ARBALEST2018\app\build\generated\res\rs\debug;C:\Users\Oscar\Documents\GitHub\MP2-Spring2019-ARBALEST2018\app\build\generated\res\resValues\debug;C:\Users\Oscar\Documents\GitHub\MP2-Spring2019-ARBALEST2018\app\build\intermediates\unit_test_config_directory\debugUnitTest\generateDebugUnitTestConfig\out;C:\Users\Oscar\.gradle\caches\modules-2\files-2.1\backport-util-concurrent\backport-util-concurrent\3.1\682f7ac17fed79e92f8e87d8455192b63376347b\backport-util-concurrent-3.1.jar;C:\Users\Oscar\.gradle\caches\modules-2\files-2.1\org.powermock\powermock-api-support\1.6.6\5ba4af06a0345c615efcdadb6ef35f5ae5a39a36\powermock-api-support-1.6.6.jar;C:\Users\Oscar\.gradle\caches\transforms-1\files-1.1\localbroadcastmanager-28.0.0.aar\37e86d7476d805c97cec838a4e56e9e5\jars\classes.jar;C:\Users\Oscar\.gradle\caches\transforms-1\files-1.1\monitor-1.1.1.aar\07052b3e532aac8de20e3ab6bba433da\jars\classes.jar;C:\Users\Oscar\.gradle\caches\transforms-1\files-1.1\loader-28.0.0.aar\2b7aa6f5e5254d86b4d43e52d3c73a6c\jars\classes.jar;C:\Users\Oscar\.gradle\caches\transforms-1\files-1.1\livedata-core-1.1.1.aar\3349317e3fce71889cbb4d2ab215eab8\jars\classes.jar;C:\Users\Oscar\.gradle\caches\modules-2\files-2.1\org.apache.maven\maven-project\2.2.1\8239e98c16f641d55a4ad0e0bab0aee3aff8933f\maven-project-2.2.1.jar;C:\Users\Oscar\.gradle\caches\modules-2\files-2.1\org.apache.maven.wagon\wa
Launcher Type: SUN_STANDARD

Environment Variables:
PATH=C:\Program Files (x86)\Common Files\Oracle\Java\javapath;C:\ProgramData\Oracle\Java\javapath;C:\windows\system32;C:\windows;C:\windows\System32\Wbem;C:\windows\System32\WindowsPowerShell\v1.0\;C:\Program Files (x86)\QuickTime\QTSystem\;C:\Program Files\Git\cmd;C:\Users\Oscar\AppData\Local\GitHubDesktop\bin
USERNAME=Oscar
OS=Windows_NT
PROCESSOR_IDENTIFIER=Intel64 Family 6 Model 69 Stepping 1, GenuineIntel



---------------  S Y S T E M  ---------------

OS: Windows 8.1 , 64 bit Build 9600 (6.3.9600.17415)

CPU:total 4 (initial active 4) (2 cores per cpu, 2 threads per core) family 6 model 69 stepping 1, cmov, cx8, fxsr, mmx, sse, sse2, sse3, ssse3, sse4.1, sse4.2, popcnt, avx, avx2, aes, clmul, erms, lzcnt, ht, tsc, tscinvbit, bmi1, bmi2

Memory: 4k page, physical 8291400k(1596140k free), swap 16727184k(5884k free)

vm_info: OpenJDK 64-Bit Server VM (25.152-b01) for windows-amd64 JRE (1.8.0_152-release-1248-b01), built by "builder" with MS VC++ 10.0 (VS2010)

time: Wed Feb 20 22:31:14 2019
elapsed time: 17 seconds (0d 0h 0m 17s)

