#
# There is insufficient memory for the Java Runtime Environment to continue.
# Native memory allocation (malloc) failed to allocate 1051856 bytes for Chunk::new
# Possible reasons:
#   The system is out of physical RAM or swap space
#   In 32 bit mode, the process size limit was hit
# Possible solutions:
#   Reduce memory load on the system
#   Increase physical memory or swap space
#   Check if swap backing store is full
#   Use 64 bit Java on a 64 bit OS
#   Decrease Java heap size (-Xmx/-Xms)
#   Decrease number of Java threads
#   Decrease Java thread stack sizes (-Xss)
#   Set larger code cache with -XX:ReservedCodeCacheSize=
# This output file may be truncated or incomplete.
#
#  Out of Memory Error (allocation.cpp:390), pid=35568, tid=0x0000000000007500
#
# JRE version: OpenJDK Runtime Environment (8.0_152-b01) (build 1.8.0_152-release-1248-b01)
# Java VM: OpenJDK 64-Bit Server VM (25.152-b01 mixed mode windows-amd64 compressed oops)
# Failed to write core dump. Minidumps are not enabled by default on client versions of Windows
#

---------------  T H R E A D  ---------------

Current thread (0x000000001772f800):  JavaThread "C2 CompilerThread0" daemon [_thread_in_native, id=29952, stack(0x0000000019190000,0x0000000019290000)]

Stack: [0x0000000019190000,0x0000000019290000]
[error occurred during error reporting (printing stack bounds), id 0xc0000005]

Native frames: (J=compiled Java code, j=interpreted, Vv=VM code, C=native code)


Current CompileTask:
C2:  17437 5181       4       org.robolectric.res.StyleResolver::getAttrValue (210 bytes)


---------------  P R O C E S S  ---------------

Java Threads: ( => current thread )
  0x0000000018b37000 JavaThread "Service Thread" daemon [_thread_blocked, id=34372, stack(0x0000000019490000,0x0000000019590000)]
  0x000000001773e800 JavaThread "C1 CompilerThread2" daemon [_thread_blocked, id=12224, stack(0x0000000019390000,0x0000000019490000)]
  0x000000001773d800 JavaThread "C2 CompilerThread1" daemon [_thread_in_native, id=31892, stack(0x0000000019290000,0x0000000019390000)]
=>0x000000001772f800 JavaThread "C2 CompilerThread0" daemon [_thread_in_native, id=29952, stack(0x0000000019190000,0x0000000019290000)]
  0x0000000017725000 JavaThread "Monitor Ctrl-Break" daemon [_thread_in_native, id=35536, stack(0x0000000019090000,0x0000000019190000)]
  0x0000000018ad3800 JavaThread "Attach Listener" daemon [_thread_blocked, id=35736, stack(0x0000000018f90000,0x0000000019090000)]
  0x00000000176f5800 JavaThread "Signal Dispatcher" daemon [_thread_blocked, id=28320, stack(0x0000000018e90000,0x0000000018f90000)]
  0x00000000176cf000 JavaThread "Finalizer" daemon [_thread_blocked, id=33096, stack(0x0000000018940000,0x0000000018a40000)]
  0x0000000002a79000 JavaThread "Reference Handler" daemon [_thread_blocked, id=34144, stack(0x0000000018840000,0x0000000018940000)]
  0x0000000002983800 JavaThread "main" [_thread_in_vm, id=34716, stack(0x00000000027c0000,0x00000000028c0000)]

Other Threads:
  0x00000000176a6800 VMThread [stack: 0x0000000018740000,0x0000000018840000] [id=29548]
  0x0000000018b58800 WatcherThread [stack: 0x0000000019590000,0x0000000019690000] [id=35476]

VM state:not at safepoint (normal execution)

VM Mutex/Monitor currently owned by a thread: None

Heap:
 PSYoungGen      total 427008K, used 353666K [0x00000000d5d00000, 0x00000000f2c80000, 0x0000000100000000)
  eden space 389120K, 90% used [0x00000000d5d00000,0x00000000eb6609b8,0x00000000ed900000)
  from space 37888K, 0% used [0x00000000ed900000,0x00000000ed900000,0x00000000efe00000)
  to   space 36352K, 0% used [0x00000000f0900000,0x00000000f0900000,0x00000000f2c80000)
 ParOldGen       total 181248K, used 76484K [0x0000000081600000, 0x000000008c700000, 0x00000000d5d00000)
  object space 181248K, 42% used [0x0000000081600000,0x00000000860b1238,0x000000008c700000)
 Metaspace       used 43647K, capacity 47539K, committed 47656K, reserved 1091584K
  class space    used 4790K, capacity 6123K, committed 6184K, reserved 1048576K

Card table byte_map: [0x0000000011f40000,0x0000000012340000] byte_map_base: 0x0000000011b35000

Marking Bits: (ParMarkBitMap*) 0x000000005a245aa0
 Begin Bits: [0x00000000129f0000, 0x0000000014998000)
 End Bits:   [0x0000000014998000, 0x0000000016940000)

Polling page: 0x00000000028c0000

CodeCache: size=245760Kb used=15055Kb max_used=15055Kb free=230704Kb
 bounds [0x0000000002b80000, 0x0000000003a40000, 0x0000000011b80000]
 total_blobs=5317 nmethods=4440 adapters=790
 compilation: enabled

Compilation events (10 events):
Event: 17.330 Thread 0x000000001773e800 5261   !   3       sun.reflect.generics.factory.CoreReflectionFactory::makeNamedType (21 bytes)
Event: 17.330 Thread 0x000000001773e800 nmethod 5261 0x0000000003a39ad0 code [0x0000000003a39c60, 0x0000000003a39f28]
Event: 17.342 Thread 0x000000001773e800 5262       3       sun.reflect.generics.parser.SignatureParser::parseClassTypeSignature (118 bytes)
Event: 17.344 Thread 0x000000001773e800 nmethod 5262 0x0000000003a3a310 code [0x0000000003a3a6a0, 0x0000000003a3c188]
Event: 17.391 Thread 0x000000001773e800 5264       3       java.lang.ClassLoader::getSystemClassLoader (32 bytes)
Event: 17.392 Thread 0x000000001773e800 nmethod 5264 0x0000000003a3d250 code [0x0000000003a3d440, 0x0000000003a3dd48]
Event: 17.392 Thread 0x000000001773e800 5265       3       sun.util.locale.LocaleUtils::toLower (17 bytes)
Event: 17.393 Thread 0x000000001773e800 nmethod 5265 0x0000000003a3e110 code [0x0000000003a3e280, 0x0000000003a3e4f0]
Event: 17.412 Thread 0x000000001773e800 5266       1       java.util.logging.LogManager$LoggerContext::getOwner (5 bytes)
Event: 17.413 Thread 0x000000001773e800 nmethod 5266 0x0000000003a3e590 code [0x0000000003a3e6e0, 0x0000000003a3e7f0]

GC Heap History (10 events):
Event: 9.922 GC heap before
{Heap before GC invocations=9 (full 0):
 PSYoungGen      total 283648K, used 257140K [0x00000000d5d00000, 0x00000000e9500000, 0x0000000100000000)
  eden space 261632K, 89% used [0x00000000d5d00000,0x00000000e42a4cc0,0x00000000e5c80000)
  from space 22016K, 99% used [0x00000000e7680000,0x00000000e8bf8518,0x00000000e8c00000)
  to   space 26624K, 0% used [0x00000000e5c80000,0x00000000e5c80000,0x00000000e7680000)
 ParOldGen       total 87552K, used 33109K [0x0000000081600000, 0x0000000086b80000, 0x00000000d5d00000)
  object space 87552K, 37% used [0x0000000081600000,0x0000000083655420,0x0000000086b80000)
 Metaspace       used 20339K, capacity 21150K, committed 21296K, reserved 1069056K
  class space    used 2054K, capacity 2381K, committed 2432K, reserved 1048576K
Event: 9.996 GC heap after
Heap after GC invocations=9 (full 0):
 PSYoungGen      total 288256K, used 26608K [0x00000000d5d00000, 0x00000000f4200000, 0x0000000100000000)
  eden space 261632K, 0% used [0x00000000d5d00000,0x00000000d5d00000,0x00000000e5c80000)
  from space 26624K, 99% used [0x00000000e5c80000,0x00000000e767c030,0x00000000e7680000)
  to   space 38912K, 0% used [0x00000000f1c00000,0x00000000f1c00000,0x00000000f4200000)
 ParOldGen       total 87552K, used 52182K [0x0000000081600000, 0x0000000086b80000, 0x00000000d5d00000)
  object space 87552K, 59% used [0x0000000081600000,0x00000000848f5b88,0x0000000086b80000)
 Metaspace       used 20339K, capacity 21150K, committed 21296K, reserved 1069056K
  class space    used 2054K, capacity 2381K, committed 2432K, reserved 1048576K
}
Event: 9.996 GC heap before
{Heap before GC invocations=10 (full 1):
 PSYoungGen      total 288256K, used 26608K [0x00000000d5d00000, 0x00000000f4200000, 0x0000000100000000)
  eden space 261632K, 0% used [0x00000000d5d00000,0x00000000d5d00000,0x00000000e5c80000)
  from space 26624K, 99% used [0x00000000e5c80000,0x00000000e767c030,0x00000000e7680000)
  to   space 38912K, 0% used [0x00000000f1c00000,0x00000000f1c00000,0x00000000f4200000)
 ParOldGen       total 87552K, used 52182K [0x0000000081600000, 0x0000000086b80000, 0x00000000d5d00000)
  object space 87552K, 59% used [0x0000000081600000,0x00000000848f5b88,0x0000000086b80000)
 Metaspace       used 20339K, capacity 21150K, committed 21296K, reserved 1069056K
  class space    used 2054K, capacity 2381K, committed 2432K, reserved 1048576K
Event: 10.329 GC heap after
Heap after GC invocations=10 (full 1):
 PSYoungGen      total 288256K, used 0K [0x00000000d5d00000, 0x00000000f4200000, 0x0000000100000000)
  eden space 261632K, 0% used [0x00000000d5d00000,0x00000000d5d00000,0x00000000e5c80000)
  from space 26624K, 0% used [0x00000000e5c80000,0x00000000e5c80000,0x00000000e7680000)
  to   space 38912K, 0% used [0x00000000f1c00000,0x00000000f1c00000,0x00000000f4200000)
 ParOldGen       total 137728K, used 68061K [0x0000000081600000, 0x0000000089c80000, 0x00000000d5d00000)
  object space 137728K, 49% used [0x0000000081600000,0x00000000858774d0,0x0000000089c80000)
 Metaspace       used 20339K, capacity 21150K, committed 21296K, reserved 1069056K
  class space    used 2054K, capacity 2381K, committed 2432K, reserved 1048576K
}
Event: 12.110 GC heap before
{Heap before GC invocations=11 (full 1):
 PSYoungGen      total 288256K, used 261632K [0x00000000d5d00000, 0x00000000f4200000, 0x0000000100000000)
  eden space 261632K, 100% used [0x00000000d5d00000,0x00000000e5c80000,0x00000000e5c80000)
  from space 26624K, 0% used [0x00000000e5c80000,0x00000000e5c80000,0x00000000e7680000)
  to   space 38912K, 0% used [0x00000000f1c00000,0x00000000f1c00000,0x00000000f4200000)
 ParOldGen       total 137728K, used 68061K [0x0000000081600000, 0x0000000089c80000, 0x00000000d5d00000)
  object space 137728K, 49% used [0x0000000081600000,0x00000000858774d0,0x0000000089c80000)
 Metaspace       used 26465K, capacity 27910K, committed 28288K, reserved 1075200K
  class space    used 2577K, capacity 3076K, committed 3200K, reserved 1048576K
Event: 12.124 GC heap after
Heap after GC invocations=11 (full 1):
 PSYoungGen      total 334336K, used 7024K [0x00000000d5d00000, 0x00000000f2300000, 0x0000000100000000)
  eden space 327168K, 0% used [0x00000000d5d00000,0x00000000d5d00000,0x00000000e9c80000)
  from space 7168K, 97% used [0x00000000f1c00000,0x00000000f22dc190,0x00000000f2300000)
  to   space 37888K, 0% used [0x00000000ed900000,0x00000000ed900000,0x00000000efe00000)
 ParOldGen       total 137728K, used 68069K [0x0000000081600000, 0x0000000089c80000, 0x00000000d5d00000)
  object space 137728K, 49% used [0x0000000081600000,0x00000000858794d0,0x0000000089c80000)
 Metaspace       used 26465K, capacity 27910K, committed 28288K, reserved 1075200K
  class space    used 2577K, capacity 3076K, committed 3200K, reserved 1048576K
}
Event: 14.280 GC heap before
{Heap before GC invocations=12 (full 1):
 PSYoungGen      total 334336K, used 294526K [0x00000000d5d00000, 0x00000000f2300000, 0x0000000100000000)
  eden space 327168K, 87% used [0x00000000d5d00000,0x00000000e75c39d0,0x00000000e9c80000)
  from space 7168K, 97% used [0x00000000f1c00000,0x00000000f22dc190,0x00000000f2300000)
  to   space 37888K, 0% used [0x00000000ed900000,0x00000000ed900000,0x00000000efe00000)
 ParOldGen       total 137728K, used 68069K [0x0000000081600000, 0x0000000089c80000, 0x00000000d5d00000)
  object space 137728K, 49% used [0x0000000081600000,0x00000000858794d0,0x0000000089c80000)
 Metaspace       used 33345K, capacity 35454K, committed 35496K, reserved 1081344K
  class space    used 3245K, capacity 4008K, committed 4008K, reserved 1048576K
Event: 14.303 GC heap after
Heap after GC invocations=12 (full 1):
 PSYoungGen      total 427008K, used 10930K [0x00000000d5d00000, 0x00000000f2c80000, 0x0000000100000000)
  eden space 389120K, 0% used [0x00000000d5d00000,0x00000000d5d00000,0x00000000ed900000)
  from space 37888K, 28% used [0x00000000ed900000,0x00000000ee3ac9c8,0x00000000efe00000)
  to   space 36352K, 0% used [0x00000000f0900000,0x00000000f0900000,0x00000000f2c80000)
 ParOldGen       total 137728K, used 68077K [0x0000000081600000, 0x0000000089c80000, 0x00000000d5d00000)
  object space 137728K, 49% used [0x0000000081600000,0x000000008587b4d0,0x0000000089c80000)
 Metaspace       used 33345K, capacity 35454K, committed 35496K, reserved 1081344K
  class space    used 3245K, capacity 4008K, committed 4008K, reserved 1048576K
}
Event: 14.303 GC heap before
{Heap before GC invocations=13 (full 2):
 PSYoungGen      total 427008K, used 10930K [0x00000000d5d00000, 0x00000000f2c80000, 0x0000000100000000)
  eden space 389120K, 0% used [0x00000000d5d00000,0x00000000d5d00000,0x00000000ed900000)
  from space 37888K, 28% used [0x00000000ed900000,0x00000000ee3ac9c8,0x00000000efe00000)
  to   space 36352K, 0% used [0x00000000f0900000,0x00000000f0900000,0x00000000f2c80000)
 ParOldGen       total 137728K, used 68077K [0x0000000081600000, 0x0000000089c80000, 0x00000000d5d00000)
  object space 137728K, 49% used [0x0000000081600000,0x000000008587b4d0,0x0000000089c80000)
 Metaspace       used 33345K, capacity 35454K, committed 35496K, reserved 1081344K
  class space    used 3245K, capacity 4008K, committed 4008K, reserved 1048576K
Event: 14.547 GC heap after
Heap after GC invocations=13 (full 2):
 PSYoungGen      total 427008K, used 0K [0x00000000d5d00000, 0x00000000f2c80000, 0x0000000100000000)
  eden space 389120K, 0% used [0x00000000d5d00000,0x00000000d5d00000,0x00000000ed900000)
  from space 37888K, 0% used [0x00000000ed900000,0x00000000ed900000,0x00000000efe00000)
  to   space 36352K, 0% used [0x00000000f0900000,0x00000000f0900000,0x00000000f2c80000)
 ParOldGen       total 181248K, used 76484K [0x0000000081600000, 0x000000008c700000, 0x00000000d5d00000)
  object space 181248K, 42% used [0x0000000081600000,0x00000000860b1238,0x000000008c700000)
 Metaspace       used 33345K, capacity 35454K, committed 35496K, reserved 1081344K
  class space    used 3245K, capacity 4008K, committed 4008K, reserved 1048576K
}

Deoptimization events (10 events):
Event: 15.997 Thread 0x0000000002983800 Uncommon trap: reason=class_check action=maybe_recompile pc=0x000000000366a278 method=org.objectweb.asm.commons.GeneratorAdapter.returnValue()V @ 14
Event: 15.997 Thread 0x0000000002983800 Uncommon trap: reason=class_check action=maybe_recompile pc=0x000000000366a278 method=org.objectweb.asm.commons.GeneratorAdapter.returnValue()V @ 14
Event: 15.997 Thread 0x0000000002983800 Uncommon trap: reason=class_check action=maybe_recompile pc=0x000000000366a278 method=org.objectweb.asm.commons.GeneratorAdapter.returnValue()V @ 14
Event: 15.997 Thread 0x0000000002983800 Uncommon trap: reason=class_check action=maybe_recompile pc=0x000000000366a278 method=org.objectweb.asm.commons.GeneratorAdapter.returnValue()V @ 14
Event: 16.404 Thread 0x0000000002983800 Uncommon trap: reason=unstable_if action=reinterpret pc=0x0000000003711a20 method=java.lang.Integer.parseInt(Ljava/lang/String;I)I @ 122
Event: 16.510 Thread 0x0000000002983800 Uncommon trap: reason=unstable_if action=reinterpret pc=0x00000000036e4b8c method=com.sun.org.apache.xerces.internal.impl.XMLDocumentFragmentScannerImpl$FragmentContentDriver.next()I @ 2226
Event: 16.883 Thread 0x0000000002983800 Uncommon trap: reason=unstable_if action=reinterpret pc=0x00000000039a541c method=org.robolectric.res.StyleResolver.getAttrValue(Lorg/robolectric/res/ResName;)Lorg/robolectric/res/AttributeResource; @ 203
Event: 17.029 Thread 0x0000000002983800 Uncommon trap: reason=unstable_if action=reinterpret pc=0x0000000003918d78 method=java.util.Arrays.equals([B[B)Z @ 2
Event: 17.259 Thread 0x0000000002983800 Uncommon trap: reason=unstable_if action=reinterpret pc=0x00000000034d0a70 method=java.io.WinNTFileSystem.prefixLength(Ljava/lang/String;)I @ 68
Event: 17.328 Thread 0x0000000002983800 Uncommon trap: reason=unstable_if action=reinterpret pc=0x0000000002f96618 method=java.io.WinNTFileSystem.prefixLength(Ljava/lang/String;)I @ 68

Classes redefined (0 events):
No events

Internal exceptions (10 events):
Event: 9.111 Thread 0x0000000002983800 Implicit null exception at 0x0000000002df32d4 to 0x0000000002df367d
Event: 9.112 Thread 0x0000000002983800 Implicit null exception at 0x0000000002d41354 to 0x0000000002d41719
Event: 9.141 Thread 0x0000000002983800 Implicit null exception at 0x0000000003634496 to 0x0000000003639c15
Event: 10.871 Thread 0x0000000002983800 Exception <a 'java/io/FileNotFoundException'> (0x00000000dac3ad68) thrown at [D:\src\AOSP-openjdk-cygwin\jdk8u\hotspot\src\share\vm\prims\jni.cpp, line 709]
Event: 11.227 Thread 0x0000000002983800 Exception <a 'java/lang/NoSuchFieldError': method resolution failed> (0x00000000dc18d878) thrown at [D:\src\AOSP-openjdk-cygwin\jdk8u\hotspot\src\share\vm\prims\methodHandles.cpp, line 1167]
Event: 12.856 Thread 0x0000000002983800 Exception <a 'sun/nio/fs/WindowsException'> (0x00000000d9b3cf70) thrown at [D:\src\AOSP-openjdk-cygwin\jdk8u\hotspot\src\share\vm\prims\jni.cpp, line 709]
Event: 13.861 Thread 0x0000000002983800 Exception <a 'java/lang/NoSuchFieldError': method resolution failed> (0x00000000e3b99590) thrown at [D:\src\AOSP-openjdk-cygwin\jdk8u\hotspot\src\share\vm\prims\methodHandles.cpp, line 1167]
Event: 15.422 Thread 0x0000000002983800 Exception <a 'java/lang/NoSuchFieldError': method resolution failed> (0x00000000ddcbdda8) thrown at [D:\src\AOSP-openjdk-cygwin\jdk8u\hotspot\src\share\vm\prims\methodHandles.cpp, line 1167]
Event: 16.106 Thread 0x0000000002983800 Exception <a 'java/lang/NoSuchFieldError': method resolution failed> (0x00000000e2c51408) thrown at [D:\src\AOSP-openjdk-cygwin\jdk8u\hotspot\src\share\vm\prims\methodHandles.cpp, line 1167]
Event: 17.428 Thread 0x0000000002983800 Exception <a 'java/io/FileNotFoundException'> (0x00000000eb18af40) thrown at [D:\src\AOSP-openjdk-cygwin\jdk8u\hotspot\src\share\vm\prims\jni.cpp, line 709]

Events (10 events):
Event: 17.418 loading class java/awt/Toolkit$5 done
Event: 17.418 loading class sun/util/CoreResourceBundleControl
Event: 17.418 loading class sun/util/CoreResourceBundleControl done
Event: 17.419 loading class sun/awt/resources/awt
Event: 17.419 loading class sun/awt/resources/awt done
Event: 17.419 loading class java/awt/Toolkit$3
Event: 17.419 loading class java/awt/Toolkit$3 done
Event: 17.427 loading class java/awt/Toolkit$1
Event: 17.428 loading class java/awt/Toolkit$1 done
Event: 17.429 loading class java/awt/GraphicsEnvironment


Dynamic libraries:
0x00007ff7f28b0000 - 0x00007ff7f28e1000 	C:\Program Files\Android\Android Studio\jre\bin\java.exe
0x00007ffb6c110000 - 0x00007ffb6c2bd000 	C:\windows\SYSTEM32\ntdll.dll
0x00007ffb69bc0000 - 0x00007ffb69cfe000 	C:\windows\system32\KERNEL32.DLL
0x00007ffb69310000 - 0x00007ffb69425000 	C:\windows\system32\KERNELBASE.dll
0x00007ffb6a660000 - 0x00007ffb6a70a000 	C:\windows\system32\ADVAPI32.dll
0x00007ffb69e50000 - 0x00007ffb69fc7000 	C:\windows\system32\USER32.dll
0x00007ffb66eb0000 - 0x00007ffb6712b000 	C:\windows\WinSxS\amd64_microsoft.windows.common-controls_6595b64144ccf1df_6.0.9600.18006_none_623f33d3ecbe86e8\COMCTL32.dll
0x00007ffb6bd50000 - 0x00007ffb6bdfa000 	C:\windows\system32\msvcrt.dll
0x00007ffb6c0b0000 - 0x00007ffb6c109000 	C:\windows\SYSTEM32\sechost.dll
0x00007ffb6be10000 - 0x00007ffb6bf50000 	C:\windows\system32\RPCRT4.dll
0x00007ffb69d00000 - 0x00007ffb69e4b000 	C:\windows\system32\GDI32.dll
0x00007ffb69480000 - 0x00007ffb694ae000 	C:\windows\system32\SspiCli.dll
0x00007ffb6bc50000 - 0x00007ffb6bc86000 	C:\windows\system32\IMM32.DLL
0x00007ffb6bf50000 - 0x00007ffb6c0a2000 	C:\windows\system32\MSCTF.dll
0x00000000599a0000 - 0x0000000059a72000 	C:\Program Files\Android\Android Studio\jre\jre\bin\msvcr100.dll
0x0000000059a80000 - 0x000000005a2c1000 	C:\Program Files\Android\Android Studio\jre\jre\bin\server\jvm.dll
0x00007ffb60a80000 - 0x00007ffb60a89000 	C:\windows\SYSTEM32\WSOCK32.dll
0x00007ffb60b20000 - 0x00007ffb60b42000 	C:\windows\SYSTEM32\WINMM.dll
0x00007ffb61160000 - 0x00007ffb6116a000 	C:\windows\SYSTEM32\VERSION.dll
0x00007ffb698d0000 - 0x00007ffb698d7000 	C:\windows\system32\PSAPI.DLL
0x00007ffb6a220000 - 0x00007ffb6a27a000 	C:\windows\system32\WS2_32.dll
0x00007ffb60af0000 - 0x00007ffb60b1a000 	C:\windows\SYSTEM32\WINMMBASE.dll
0x00007ffb6a430000 - 0x00007ffb6a439000 	C:\windows\system32\NSI.dll
0x00007ffb69430000 - 0x00007ffb6947f000 	C:\windows\SYSTEM32\cfgmgr32.dll
0x00007ffb68060000 - 0x00007ffb68088000 	C:\windows\SYSTEM32\DEVOBJ.dll
0x00007ffb5e7b0000 - 0x00007ffb5e7bf000 	C:\Program Files\Android\Android Studio\jre\jre\bin\verify.dll
0x00007ffb5e0a0000 - 0x00007ffb5e0c9000 	C:\Program Files\Android\Android Studio\jre\jre\bin\java.dll
0x00007ffb5d1b0000 - 0x00007ffb5d1d3000 	C:\Program Files\Android\Android Studio\jre\jre\bin\instrument.dll
0x00007ffb5e590000 - 0x00007ffb5e5a6000 	C:\Program Files\Android\Android Studio\jre\jre\bin\zip.dll
0x00007ffb6a720000 - 0x00007ffb6bc49000 	C:\windows\system32\SHELL32.dll
0x00007ffb698e0000 - 0x00007ffb69af2000 	C:\windows\SYSTEM32\combase.dll
0x00007ffb6a600000 - 0x00007ffb6a654000 	C:\windows\system32\SHLWAPI.dll
0x00007ffb677d0000 - 0x00007ffb67882000 	C:\windows\SYSTEM32\SHCORE.dll
0x00007ffb69240000 - 0x00007ffb69255000 	C:\windows\SYSTEM32\profapi.dll
0x00007ffb5d190000 - 0x00007ffb5d1aa000 	C:\Program Files\Android\Android Studio\bin\breakgen64.dll
0x00007ffb5e540000 - 0x00007ffb5e55a000 	C:\Program Files\Android\Android Studio\jre\jre\bin\net.dll
0x00007ffb68b70000 - 0x00007ffb68bc9000 	C:\windows\system32\mswsock.dll
0x00007ffb68bd0000 - 0x00007ffb68bf0000 	C:\windows\SYSTEM32\CRYPTSP.dll
0x00007ffb686a0000 - 0x00007ffb686d6000 	C:\windows\system32\rsaenh.dll
0x00007ffb68d20000 - 0x00007ffb68d46000 	C:\windows\SYSTEM32\bcrypt.dll
0x00007ffb68820000 - 0x00007ffb68841000 	C:\windows\SYSTEM32\USERENV.dll
0x00007ffb69040000 - 0x00007ffb690a3000 	C:\windows\system32\bcryptprimitives.dll
0x00007ffb690b0000 - 0x00007ffb690bb000 	C:\windows\SYSTEM32\CRYPTBASE.dll
0x00007ffb63e00000 - 0x00007ffb63e2a000 	C:\windows\SYSTEM32\IPHLPAPI.DLL
0x00007ffb63de0000 - 0x00007ffb63dea000 	C:\windows\SYSTEM32\WINNSI.DLL
0x00007ffb63850000 - 0x00007ffb63866000 	C:\windows\SYSTEM32\dhcpcsvc6.DLL
0x00007ffb63a50000 - 0x00007ffb63a6a000 	C:\windows\SYSTEM32\dhcpcsvc.DLL
0x00007ffb5d9a0000 - 0x00007ffb5d9b1000 	C:\Program Files\Android\Android Studio\jre\jre\bin\nio.dll
0x00007ffb5b7c0000 - 0x00007ffb5b7e4000 	C:\Program Files\Android\Android Studio\jre\jre\bin\sunec.dll
0x00007ffb5df40000 - 0x00007ffb5df4b000 	C:\Program Files\Android\Android Studio\jre\jre\bin\sunmscapi.dll
0x00007ffb69510000 - 0x00007ffb696ef000 	C:\windows\system32\CRYPT32.dll
0x00007ffb692f0000 - 0x00007ffb69301000 	C:\windows\system32\MSASN1.dll
0x00007ffb53660000 - 0x00007ffb537f7000 	C:\Program Files\Android\Android Studio\jre\jre\bin\awt.dll
0x00007ffb697a0000 - 0x00007ffb69866000 	C:\windows\system32\OLEAUT32.dll
0x00007ffb648d0000 - 0x00007ffb64d51000 	C:\windows\SYSTEM32\d2d1.dll
0x00007ffb67e00000 - 0x00007ffb67e8e000 	C:\windows\system32\apphelp.dll

VM Arguments:
jvm_args: -ea -Didea.test.cyclic.buffer.size=1048576 -javaagent:C:\Program Files\Android\Android Studio\lib\idea_rt.jar=53961:C:\Program Files\Android\Android Studio\bin -Dfile.encoding=UTF-8 
java_command: com.intellij.rt.execution.junit.JUnitStarter -ideVersion5 -junit4 edu.illinois.cs.cs125.spring2019.mp2.GameAppTest,testWinnerLabel
java_class_path (initial): C:\Program Files\Android\Android Studio\lib\idea_rt.jar;C:\Program Files\Android\Android Studio\plugins\junit\lib\junit-rt.jar;C:\Program Files\Android\Android Studio\plugins\junit\lib\junit5-rt.jar;C:\Users\Oscar\AppData\Local\Android\Sdk\platforms\android-28\data\res;C:\Users\Oscar\Documents\GitHub\MP2-Spring2019-ARBALEST2018\app\build\intermediates\javac\debugUnitTest\compileDebugUnitTestJavaWithJavac\classes;C:\Users\Oscar\Documents\GitHub\MP2-Spring2019-ARBALEST2018\app\build\intermediates\javac\debug\compileDebugJavaWithJavac\classes;C:\Users\Oscar\Documents\GitHub\MP2-Spring2019-ARBALEST2018\app\build\generated\res\rs\debug;C:\Users\Oscar\Documents\GitHub\MP2-Spring2019-ARBALEST2018\app\build\generated\res\resValues\debug;C:\Users\Oscar\Documents\GitHub\MP2-Spring2019-ARBALEST2018\app\build\intermediates\unit_test_config_directory\debugUnitTest\generateDebugUnitTestConfig\out;C:\Users\Oscar\.gradle\caches\modules-2\files-2.1\backport-util-concurrent\backport-util-concurrent\3.1\682f7ac17fed79e92f8e87d8455192b63376347b\backport-util-concurrent-3.1.jar;C:\Users\Oscar\.gradle\caches\modules-2\files-2.1\org.powermock\powermock-api-support\1.6.6\5ba4af06a0345c615efcdadb6ef35f5ae5a39a36\powermock-api-support-1.6.6.jar;C:\Users\Oscar\.gradle\caches\transforms-1\files-1.1\localbroadcastmanager-28.0.0.aar\37e86d7476d805c97cec838a4e56e9e5\jars\classes.jar;C:\Users\Oscar\.gradle\caches\transforms-1\files-1.1\monitor-1.1.1.aar\07052b3e532aac8de20e3ab6bba433da\jars\classes.jar;C:\Users\Oscar\.gradle\caches\transforms-1\files-1.1\loader-28.0.0.aar\2b7aa6f5e5254d86b4d43e52d3c73a6c\jars\classes.jar;C:\Users\Oscar\.gradle\caches\transforms-1\files-1.1\livedata-core-1.1.1.aar\3349317e3fce71889cbb4d2ab215eab8\jars\classes.jar;C:\Users\Oscar\.gradle\caches\modules-2\files-2.1\org.apache.maven\maven-project\2.2.1\8239e98c16f641d55a4ad0e0bab0aee3aff8933f\maven-project-2.2.1.jar;C:\Users\Oscar\.gradle\caches\modules-2\files-2.1\org.apache.maven.wagon\wa
Launcher Type: SUN_STANDARD

Environment Variables:
PATH=C:\Program Files (x86)\Common Files\Oracle\Java\javapath;C:\ProgramData\Oracle\Java\javapath;C:\windows\system32;C:\windows;C:\windows\System32\Wbem;C:\windows\System32\WindowsPowerShell\v1.0\;C:\Program Files (x86)\QuickTime\QTSystem\;C:\Program Files\Git\cmd;C:\Users\Oscar\AppData\Local\GitHubDesktop\bin
USERNAME=Oscar
OS=Windows_NT
PROCESSOR_IDENTIFIER=Intel64 Family 6 Model 69 Stepping 1, GenuineIntel



---------------  S Y S T E M  ---------------

OS: Windows 8.1 , 64 bit Build 9600 (6.3.9600.17415)

CPU:total 4 (initial active 4) (2 cores per cpu, 2 threads per core) family 6 model 69 stepping 1, cmov, cx8, fxsr, mmx, sse, sse2, sse3, ssse3, sse4.1, sse4.2, popcnt, avx, avx2, aes, clmul, erms, lzcnt, ht, tsc, tscinvbit, bmi1, bmi2

Memory: 4k page, physical 8291400k(2239852k free), swap 16727184k(5660k free)

vm_info: OpenJDK 64-Bit Server VM (25.152-b01) for windows-amd64 JRE (1.8.0_152-release-1248-b01), built by "builder" with MS VC++ 10.0 (VS2010)

time: Wed Feb 20 22:22:04 2019
elapsed time: 17 seconds (0d 0h 0m 17s)

